This file contains any messages produced by compilers while
running configure, to aid debugging if configure makes a mistake.

It was created by Ipopt configure 3.14.5, which was
generated by GNU Autoconf 2.71.  Invocation command line was

  $ ./configure --disable-java

## --------- ##
## Platform. ##
## --------- ##

hostname = jintiandeMBP.lan
uname -m = arm64
uname -r = 21.2.0
uname -s = Darwin
uname -v = Darwin Kernel Version 21.2.0: Sun Nov 28 20:28:41 PST 2021; root:xnu-8019.61.5~1/RELEASE_ARM64_T6000

/usr/bin/uname -p = arm
/bin/uname -X     = unknown

/bin/arch              = unknown
/usr/bin/arch -k       = unknown
/usr/convex/getsysinfo = unknown
/usr/bin/hostinfo      = Mach kernel version:
	 Darwin Kernel Version 21.2.0: Sun Nov 28 20:28:41 PST 2021; root:xnu-8019.61.5~1/RELEASE_ARM64_T6000
Kernel configured for up to 10 processors.
10 processors are physically available.
10 processors are logically available.
Processor type: arm64e (ARM64E)
Processors active: 0 1 2 3 4 5 6 7 8 9
Primary memory available: 16.00 gigabytes
Default processor set: 574 tasks, 2711 threads, 10 processors
Load average: 1.57, Mach factor: 8.42
/bin/machine           = unknown
/usr/bin/oslevel       = unknown
/bin/universe          = unknown

PATH: /opt/homebrew/opt/llvm/bin/
PATH: /Users/jintian/miniforge3/bin/
PATH: /Users/jintian/miniforge3/condabin/
PATH: /Users/jintian/development/flutter/bin/
PATH: /opt/homebrew/bin/
PATH: /opt/homebrew/sbin/
PATH: /usr/local/bin/
PATH: /usr/bin/
PATH: /bin/
PATH: /usr/sbin/
PATH: /sbin/
PATH: /Library/Apple/usr/bin/


## ----------- ##
## Core tests. ##
## ----------- ##

configure:3475: looking for aux files: ltmain.sh ar-lib compile missing install-sh config.guess config.sub
configure:3488:  trying ./
configure:3517:   ./ltmain.sh found
configure:3517:   ./ar-lib found
configure:3517:   ./compile found
configure:3517:   ./missing found
configure:3499:   ./install-sh found
configure:3517:   ./config.guess found
configure:3517:   ./config.sub found
configure:3643: checking build system type
configure:3658: result: aarch64-apple-darwin21.2.0
configure:3785: checking host system type
configure:3799: result: aarch64-apple-darwin21.2.0
configure:3836: checking for a BSD-compatible install
configure:3909: result: /usr/bin/install -c
configure:3920: checking whether build environment is sane
configure:3975: result: yes
configure:4134: checking for a race-free mkdir -p
configure:4178: result: ./install-sh -c -d
configure:4185: checking for gawk
configure:4220: result: no
configure:4185: checking for mawk
configure:4220: result: no
configure:4185: checking for nawk
configure:4220: result: no
configure:4185: checking for awk
configure:4206: found /usr/bin/awk
configure:4217: result: awk
configure:4228: checking whether make sets $(MAKE)
configure:4251: result: yes
configure:4321: checking whether make supports nested variables
configure:4339: result: yes
configure:4352: checking whether to enable maintainer-specific portions of Makefiles
configure:4362: result: no
configure:4540: checking whether make supports the include directive
configure:4555: make -f confmf.GNU && cat confinc.out
this is the am__doit target
configure:4558: $? = 0
configure:4577: result: yes (GNU style)
configure:4722: checking for gcc
configure:4743: found /usr/bin/gcc
configure:4754: result: gcc
configure:4785: checking for C compiler version
configure:4794: gcc --version >&5
Apple clang version 13.1.6 (clang-1316.0.21.1)
Target: arm64-apple-darwin21.2.0
Thread model: posix
InstalledDir: /Applications/Xcode-beta.app/Contents/Developer/Toolchains/XcodeDefault.xctoolchain/usr/bin
configure:4805: $? = 0
configure:4794: gcc -v >&5
Apple clang version 13.1.6 (clang-1316.0.21.1)
Target: arm64-apple-darwin21.2.0
Thread model: posix
InstalledDir: /Applications/Xcode-beta.app/Contents/Developer/Toolchains/XcodeDefault.xctoolchain/usr/bin
configure:4805: $? = 0
configure:4794: gcc -V >&5
clang: error: argument to '-V' is missing (expected 1 value)
clang: error: no input files
configure:4805: $? = 1
configure:4794: gcc -qversion >&5
clang: error: unknown argument '-qversion'; did you mean '--version'?
clang: error: no input files
configure:4805: $? = 1
configure:4794: gcc -version >&5
clang: error: unknown argument '-version'; did you mean '--version'?
clang: error: no input files
configure:4805: $? = 1
configure:4825: checking whether the C compiler works
configure:4847: gcc -O2 -DNDEBUG    conftest.c  >&5
configure:4851: $? = 0
configure:4901: result: yes
configure:4904: checking for C compiler default output file name
configure:4906: result: a.out
configure:4912: checking for suffix of executables
configure:4919: gcc -o conftest -O2 -DNDEBUG    conftest.c  >&5
configure:4923: $? = 0
configure:4946: result: 
configure:4968: checking whether we are cross compiling
configure:4976: gcc -o conftest -O2 -DNDEBUG    conftest.c  >&5
configure:4980: $? = 0
configure:4987: ./conftest
configure:4991: $? = 0
configure:5006: result: no
configure:5011: checking for suffix of object files
configure:5034: gcc -c -O2 -DNDEBUG   conftest.c >&5
configure:5038: $? = 0
configure:5060: result: o
configure:5064: checking whether the compiler supports GNU C
configure:5084: gcc -c -O2 -DNDEBUG   conftest.c >&5
configure:5084: $? = 0
configure:5094: result: yes
configure:5105: checking whether gcc accepts -g
configure:5126: gcc -c -g  conftest.c >&5
configure:5126: $? = 0
configure:5170: result: yes
configure:5190: checking for gcc option to enable C11 features
configure:5205: gcc  -c -O2 -DNDEBUG   conftest.c >&5
configure:5205: $? = 0
configure:5223: result: none needed
configure:5339: checking whether gcc understands -c and -o together
configure:5362: gcc -c conftest.c -o conftest2.o
configure:5365: $? = 0
configure:5362: gcc -c conftest.c -o conftest2.o
configure:5365: $? = 0
configure:5377: result: yes
configure:5396: checking dependency style of gcc
configure:5508: result: gcc3
configure:5657: checking for g++
configure:5678: found /usr/bin/g++
configure:5689: result: g++
configure:5716: checking for C++ compiler version
configure:5725: g++ --version >&5
Apple clang version 13.1.6 (clang-1316.0.21.1)
Target: arm64-apple-darwin21.2.0
Thread model: posix
InstalledDir: /Applications/Xcode-beta.app/Contents/Developer/Toolchains/XcodeDefault.xctoolchain/usr/bin
configure:5736: $? = 0
configure:5725: g++ -v >&5
Apple clang version 13.1.6 (clang-1316.0.21.1)
Target: arm64-apple-darwin21.2.0
Thread model: posix
InstalledDir: /Applications/Xcode-beta.app/Contents/Developer/Toolchains/XcodeDefault.xctoolchain/usr/bin
configure:5736: $? = 0
configure:5725: g++ -V >&5
clang: error: argument to '-V' is missing (expected 1 value)
clang: error: no input files
configure:5736: $? = 1
configure:5725: g++ -qversion >&5
clang: error: unknown argument '-qversion'; did you mean '--version'?
clang: error: no input files
configure:5736: $? = 1
configure:5740: checking whether the compiler supports GNU C++
configure:5760: g++ -c -O2 -DNDEBUG   conftest.cpp >&5
configure:5760: $? = 0
configure:5770: result: yes
configure:5781: checking whether g++ accepts -g
configure:5802: g++ -c -g  conftest.cpp >&5
configure:5802: $? = 0
configure:5846: result: yes
configure:5866: checking for g++ option to enable C++11 features
configure:5881: g++  -c -O2 -DNDEBUG   conftest.cpp >&5
conftest.cpp:59:3: error: "Compiler does not advertise C++11 conformance"
# error "Compiler does not advertise C++11 conformance"
  ^
conftest.cpp:64:3: error: unknown type name 'constexpr'
  constexpr int get_val() { return 20; }
  ^
conftest.cpp:76:17: error: delegating constructors are permitted only in C++11
    delegate(): delegate(2354) {}
                ^~~~~~~~
conftest.cpp:87:26: warning: 'override' keyword is a C++11 extension [-Wc++11-extensions]
    virtual int getval() override final { return this->n * 2; }
                         ^
conftest.cpp:87:35: warning: 'final' keyword is a C++11 extension [-Wc++11-extensions]
    virtual int getval() override final { return this->n * 2; }
                                  ^
conftest.cpp:94:16: warning: defaulted function definitions are a C++11 extension [-Wc++11-extensions]
    nocopy() = default;
               ^
conftest.cpp:95:29: warning: deleted function definitions are a C++11 extension [-Wc++11-extensions]
    nocopy(const nocopy&) = delete;
                            ^
conftest.cpp:96:41: warning: deleted function definitions are a C++11 extension [-Wc++11-extensions]
    nocopy & operator=(const nocopy&) = delete;
                                        ^
conftest.cpp:108:25: warning: 'auto' type specifier is a C++11 extension [-Wc++11-extensions]
  template <typename V> auto sum(V first) -> V
                        ^
conftest.cpp:108:25: error: 'auto' not allowed in function return type
  template <typename V> auto sum(V first) -> V
                        ^~~~
conftest.cpp:108:42: error: expected ';' at end of declaration
  template <typename V> auto sum(V first) -> V
                                         ^
                                         ;
conftest.cpp:108:43: error: cannot use arrow operator on a type
  template <typename V> auto sum(V first) -> V
                                          ^
conftest.cpp:112:33: warning: variadic templates are a C++11 extension [-Wc++11-extensions]
  template <typename V, typename... Args> auto sum(V first, Args... rest) -> V
                                ^
conftest.cpp:112:43: warning: 'auto' type specifier is a C++11 extension [-Wc++11-extensions]
  template <typename V, typename... Args> auto sum(V first, Args... rest) -> V
                                          ^
conftest.cpp:112:43: error: 'auto' not allowed in function return type
  template <typename V, typename... Args> auto sum(V first, Args... rest) -> V
                                          ^~~~
conftest.cpp:112:74: error: expected ';' at end of declaration
  template <typename V, typename... Args> auto sum(V first, Args... rest) -> V
                                                                         ^
                                                                         ;
conftest.cpp:112:75: error: cannot use arrow operator on a type
  template <typename V, typename... Args> auto sum(V first, Args... rest) -> V
                                                                          ^
conftest.cpp:136:3: warning: 'auto' type specifier is a C++11 extension [-Wc++11-extensions]
  auto a1 = 6538;
  ^
conftest.cpp:137:3: warning: 'auto' type specifier is a C++11 extension [-Wc++11-extensions]
  auto a2 = 48573953.4;
  ^
conftest.cpp:138:3: warning: 'auto' type specifier is a C++11 extension [-Wc++11-extensions]
  auto a3 = "String literal";
  ^
conftest.cpp:141:8: warning: 'auto' type specifier is a C++11 extension [-Wc++11-extensions]
  for (auto i = a3; *i; ++i) { total += *i; }
       ^
conftest.cpp:157:8: warning: 'auto' type specifier is a C++11 extension [-Wc++11-extensions]
  for (auto &x : array) { x += 23; }
       ^
conftest.cpp:157:16: warning: range-based for loop is a C++11 extension [-Wc++11-extensions]
  for (auto &x : array) { x += 23; }
               ^
conftest.cpp:162:17: error: expected expression
  assert (eval ([](int x) { return x*2; }, 21) == 42);
                ^
conftest.cpp:164:17: error: expected expression
  assert (eval ([&](double x) { return d += x; }, 3.0) == 5.0);
                ^
conftest.cpp:166:17: error: expected expression
  assert (eval ([=](double x) mutable { return d += x; }, 4.0) == 9.0);
                ^
conftest.cpp:172:3: warning: 'auto' type specifier is a C++11 extension [-Wc++11-extensions]
  auto a = sum(1);
  ^
conftest.cpp:172:12: error: no matching function for call to 'sum'
  auto a = sum(1);
           ^~~
conftest.cpp:173:3: warning: 'auto' type specifier is a C++11 extension [-Wc++11-extensions]
  auto b = sum(1, 2);
  ^
conftest.cpp:173:12: error: no matching function for call to 'sum'
  auto b = sum(1, 2);
           ^~~
conftest.cpp:174:3: warning: 'auto' type specifier is a C++11 extension [-Wc++11-extensions]
  auto c = sum(1.0, 2.0, 3.0);
  ^
conftest.cpp:174:12: error: no matching function for call to 'sum'
  auto c = sum(1.0, 2.0, 3.0);
           ^~~
conftest.cpp:179:25: warning: empty parentheses interpreted as a function declaration [-Wvexing-parse]
  cxx11test::delegate d2();
                        ^~
conftest.cpp:179:25: note: remove parentheses to declare a variable
  cxx11test::delegate d2();
                        ^~
conftest.cpp:192:16: error: found '<::' after a template name which forms the digraph '<:' (aka '[') and a ':', did you mean '< ::'?
  test_template<::test_template<int>> v(test_template<int>(12));
               ^~~
               < ::
conftest.cpp:192:36: error: a space is required between consecutive right angle brackets (use '> >')
  test_template<::test_template<int>> v(test_template<int>(12));
                                   ^~
                                   > >
conftest.cpp:196:22: error: use of undeclared identifier 'u8'
  char const *utf8 = u8"UTF-8 string \u2500";
                     ^
conftest.cpp:196:24: error: expected ';' at end of declaration
  char const *utf8 = u8"UTF-8 string \u2500";
                       ^
                       ;
fatal error: too many errors emitted, stopping now [-ferror-limit=]
18 warnings and 20 errors generated.
configure:5881: $? = 1
configure: failed program was:
| /* confdefs.h */
| #define PACKAGE_NAME "Ipopt"
| #define PACKAGE_TARNAME "ipopt"
| #define PACKAGE_VERSION "3.14.5"
| #define PACKAGE_STRING "Ipopt 3.14.5"
| #define PACKAGE_BUGREPORT "https://github.com/coin-or/Ipopt/issues/new"
| #define PACKAGE_URL "https://github.com/coin-or/Ipopt"
| #define IPOPT_VERSION "3.14.5"
| #define IPOPT_VERSION_MAJOR 3
| #define IPOPT_VERSION_MINOR 14
| #define IPOPT_VERSION_RELEASE 5
| /* end confdefs.h.  */
| 
| // Does the compiler advertise C++98 conformance?
| #if !defined __cplusplus || __cplusplus < 199711L
| # error "Compiler does not advertise C++98 conformance"
| #endif
| 
| // These inclusions are to reject old compilers that
| // lack the unsuffixed header files.
| #include <cstdlib>
| #include <exception>
| 
| // <cassert> and <cstring> are *not* freestanding headers in C++98.
| extern void assert (int);
| namespace std {
|   extern int strcmp (const char *, const char *);
| }
| 
| // Namespaces, exceptions, and templates were all added after "C++ 2.0".
| using std::exception;
| using std::strcmp;
| 
| namespace {
| 
| void test_exception_syntax()
| {
|   try {
|     throw "test";
|   } catch (const char *s) {
|     // Extra parentheses suppress a warning when building autoconf itself,
|     // due to lint rules shared with more typical C programs.
|     assert (!(strcmp) (s, "test"));
|   }
| }
| 
| template <typename T> struct test_template
| {
|   T const val;
|   explicit test_template(T t) : val(t) {}
|   template <typename U> T add(U u) { return static_cast<T>(u) + val; }
| };
| 
| } // anonymous namespace
| 
| 
| // Does the compiler advertise C++ 2011 conformance?
| #if !defined __cplusplus || __cplusplus < 201103L
| # error "Compiler does not advertise C++11 conformance"
| #endif
| 
| namespace cxx11test
| {
|   constexpr int get_val() { return 20; }
| 
|   struct testinit
|   {
|     int i;
|     double d;
|   };
| 
|   class delegate
|   {
|   public:
|     delegate(int n) : n(n) {}
|     delegate(): delegate(2354) {}
| 
|     virtual int getval() { return this->n; };
|   protected:
|     int n;
|   };
| 
|   class overridden : public delegate
|   {
|   public:
|     overridden(int n): delegate(n) {}
|     virtual int getval() override final { return this->n * 2; }
|   };
| 
|   class nocopy
|   {
|   public:
|     nocopy(int i): i(i) {}
|     nocopy() = default;
|     nocopy(const nocopy&) = delete;
|     nocopy & operator=(const nocopy&) = delete;
|   private:
|     int i;
|   };
| 
|   // for testing lambda expressions
|   template <typename Ret, typename Fn> Ret eval(Fn f, Ret v)
|   {
|     return f(v);
|   }
| 
|   // for testing variadic templates and trailing return types
|   template <typename V> auto sum(V first) -> V
|   {
|     return first;
|   }
|   template <typename V, typename... Args> auto sum(V first, Args... rest) -> V
|   {
|     return first + sum(rest...);
|   }
| }
| 
| 
| int
| main (int argc, char **argv)
| {
|   int ok = 0;
|   
|   assert (argc);
|   assert (! argv[0]);
| {
|   test_exception_syntax ();
|   test_template<double> tt (2.0);
|   assert (tt.add (4) == 6.0);
|   assert (true && !false);
| }
| 
|   
| {
|   // Test auto and decltype
|   auto a1 = 6538;
|   auto a2 = 48573953.4;
|   auto a3 = "String literal";
| 
|   int total = 0;
|   for (auto i = a3; *i; ++i) { total += *i; }
| 
|   decltype(a2) a4 = 34895.034;
| }
| {
|   // Test constexpr
|   short sa[cxx11test::get_val()] = { 0 };
| }
| {
|   // Test initializer lists
|   cxx11test::testinit il = { 4323, 435234.23544 };
| }
| {
|   // Test range-based for
|   int array[] = {9, 7, 13, 15, 4, 18, 12, 10, 5, 3,
|                  14, 19, 17, 8, 6, 20, 16, 2, 11, 1};
|   for (auto &x : array) { x += 23; }
| }
| {
|   // Test lambda expressions
|   using cxx11test::eval;
|   assert (eval ([](int x) { return x*2; }, 21) == 42);
|   double d = 2.0;
|   assert (eval ([&](double x) { return d += x; }, 3.0) == 5.0);
|   assert (d == 5.0);
|   assert (eval ([=](double x) mutable { return d += x; }, 4.0) == 9.0);
|   assert (d == 5.0);
| }
| {
|   // Test use of variadic templates
|   using cxx11test::sum;
|   auto a = sum(1);
|   auto b = sum(1, 2);
|   auto c = sum(1.0, 2.0, 3.0);
| }
| {
|   // Test constructor delegation
|   cxx11test::delegate d1;
|   cxx11test::delegate d2();
|   cxx11test::delegate d3(45);
| }
| {
|   // Test override and final
|   cxx11test::overridden o1(55464);
| }
| {
|   // Test nullptr
|   char *c = nullptr;
| }
| {
|   // Test template brackets
|   test_template<::test_template<int>> v(test_template<int>(12));
| }
| {
|   // Unicode literals
|   char const *utf8 = u8"UTF-8 string \u2500";
|   char16_t const *utf16 = u"UTF-8 string \u2500";
|   char32_t const *utf32 = U"UTF-32 string \u2500";
| }
| 
|   return ok;
| }
| 
configure:5899: result: none needed
configure:5965: checking dependency style of g++
configure:6077: result: gcc3
configure:6098: checking whether g++ understands -c and -o together
configure:6123: g++ -O2 -DNDEBUG  -c conftest.cpp -o conftest2.o >&5
configure:6127: $? = 0
configure:6134: g++ -O2 -DNDEBUG  -c conftest.cpp -o conftest2.o >&5
configure:6138: $? = 0
configure:6146: result: yes
configure:6303: checking for gfortran
configure:6324: found /opt/homebrew/bin/gfortran
configure:6335: result: gfortran
configure:6361: checking for Fortran 77 compiler version
configure:6370: gfortran --version >&5
GNU Fortran (Homebrew GCC 11.2.0_3) 11.2.0
Copyright (C) 2021 Free Software Foundation, Inc.
This is free software; see the source for copying conditions.  There is NO
warranty; not even for MERCHANTABILITY or FITNESS FOR A PARTICULAR PURPOSE.

configure:6381: $? = 0
configure:6370: gfortran -v >&5
Using built-in specs.
COLLECT_GCC=gfortran
COLLECT_LTO_WRAPPER=/opt/homebrew/Cellar/gcc/11.2.0_3/bin/../libexec/gcc/aarch64-apple-darwin21/11/lto-wrapper
Target: aarch64-apple-darwin21
Configured with: ../configure --prefix=/opt/homebrew/opt/gcc --libdir=/opt/homebrew/opt/gcc/lib/gcc/11 --disable-nls --enable-checking=release --with-gcc-major-version-only --enable-languages=c,c++,objc,obj-c++,fortran --program-suffix=-11 --with-gmp=/opt/homebrew/opt/gmp --with-mpfr=/opt/homebrew/opt/mpfr --with-mpc=/opt/homebrew/opt/libmpc --with-isl=/opt/homebrew/opt/isl --with-zstd=/opt/homebrew/opt/zstd --with-pkgversion='Homebrew GCC 11.2.0_3' --with-bugurl=https://github.com/Homebrew/homebrew-core/issues --build=aarch64-apple-darwin21 --with-system-zlib --with-native-system-header-dir=/usr/include --with-sysroot=/Library/Developer/CommandLineTools/SDKs/MacOSX12.sdk
Thread model: posix
Supported LTO compression algorithms: zlib zstd
gcc version 11.2.0 (Homebrew GCC 11.2.0_3) 
configure:6381: $? = 0
configure:6370: gfortran -V >&5
gfortran: error: unrecognized command-line option '-V'
gfortran: fatal error: no input files
compilation terminated.
configure:6381: $? = 1
configure:6370: gfortran -qversion >&5
gfortran: error: unrecognized command-line option '-qversion'; did you mean '--version'?
gfortran: fatal error: no input files
compilation terminated.
configure:6381: $? = 1
configure:6390: checking whether the compiler supports GNU Fortran 77
configure:6404: gfortran -c -O2  conftest.F >&5
configure:6404: $? = 0
configure:6414: result: yes
configure:6422: checking whether gfortran accepts -g
configure:6434: gfortran -c -g conftest.f >&5
configure:6434: $? = 0
configure:6443: result: yes
configure:6499: checking how to get verbose linking output from gfortran
configure:6510: gfortran -c -O2  conftest.f >&5
configure:6510: $? = 0
configure:6529: gfortran -o conftest -O2 -v conftest.f
Using built-in specs.
Target: aarch64-apple-darwin21
Thread model: posix
Supported LTO compression algorithms: zlib zstd
gcc version 11.2.0 (Homebrew GCC 11.2.0_3) 
 /opt/homebrew/Cellar/gcc/11.2.0_3/bin/../libexec/gcc/aarch64-apple-darwin21/11/f951 conftest.f -ffixed-form -fPIC -quiet -dumpbase conftest.f -dumpbase-ext .f -mmacosx-version-min=12.1.0 -mlittle-endian -mabi=lp64 -O2 -version -fintrinsic-modules-path /opt/homebrew/Cellar/gcc/11.2.0_3/bin/../lib/gcc/11/gcc/aarch64-apple-darwin21/11/finclude -o /var/folders/m_/kzyr4q_11cl35ngrj77k28f00000gn/T//ccLoqHo7.s
GNU Fortran (Homebrew GCC 11.2.0_3) version 11.2.0 (aarch64-apple-darwin21)
	compiled by GNU C version 11.2.0, GMP version 6.2.1, MPFR version 4.1.0, MPC version 1.2.1, isl version isl-0.24-GMP

GGC heuristics: --param ggc-min-expand=100 --param ggc-min-heapsize=131072
GNU Fortran2008 (Homebrew GCC 11.2.0_3) version 11.2.0 (aarch64-apple-darwin21)
	compiled by GNU C version 11.2.0, GMP version 6.2.1, MPFR version 4.1.0, MPC version 1.2.1, isl version isl-0.24-GMP

GGC heuristics: --param ggc-min-expand=100 --param ggc-min-heapsize=131072
 as -arch arm64 -v -mmacosx-version-min=12.1 -o /var/folders/m_/kzyr4q_11cl35ngrj77k28f00000gn/T//ccFwp1TQ.o /var/folders/m_/kzyr4q_11cl35ngrj77k28f00000gn/T//ccLoqHo7.s
Apple clang version 13.1.6 (clang-1316.0.21.1)
Target: arm64-apple-darwin21.2.0
Thread model: posix
InstalledDir: /Applications/Xcode-beta.app/Contents/Developer/Toolchains/XcodeDefault.xctoolchain/usr/bin
 "/Applications/Xcode-beta.app/Contents/Developer/Toolchains/XcodeDefault.xctoolchain/usr/bin/clang" -cc1as -triple arm64-apple-macosx12.1.0 -filetype obj -main-file-name ccLoqHo7.s -target-cpu apple-m1 -target-feature +v8.5a -target-feature +fp-armv8 -target-feature +neon -target-feature +crc -target-feature +crypto -target-feature +dotprod -target-feature +fp16fml -target-feature +ras -target-feature +lse -target-feature +rdm -target-feature +rcpc -target-feature +zcm -target-feature +zcz -target-feature +fullfp16 -target-feature +sm4 -target-feature +sha3 -target-feature +sha2 -target-feature +aes -fdebug-compilation-dir=/Users/jintian/dev/codes/ai/toolchains/mimicry/vendor/towr/Ipopt -dwarf-debug-producer "Apple clang version 13.1.6 (clang-1316.0.21.1)" -dwarf-version=4 -mrelocation-model pic --mrelax-relocations -mllvm -disable-aligned-alloc-awareness=1 -o /var/folders/m_/kzyr4q_11cl35ngrj77k28f00000gn/T//ccFwp1TQ.o /var/folders/m_/kzyr4q_11cl35ngrj77k28f00000gn/T//ccLoqHo7.s
Reading specs from /opt/homebrew/Cellar/gcc/11.2.0_3/bin/../lib/gcc/11/gcc/aarch64-apple-darwin21/11/../../../libgfortran.spec
rename spec lib to liborig
 /opt/homebrew/Cellar/gcc/11.2.0_3/bin/../libexec/gcc/aarch64-apple-darwin21/11/collect2 -syslibroot /Applications/Xcode-beta.app/Contents/Developer/Platforms/MacOSX.platform/Developer/SDKs/MacOSX12.3.sdk/ -dynamic -arch arm64 -macosx_version_min 12.1.0 -weak_reference_mismatches non-weak -o conftest -L/opt/homebrew/Cellar/gcc/11.2.0_3/bin/../lib/gcc/11/gcc/aarch64-apple-darwin21/11 -L/opt/homebrew/Cellar/gcc/11.2.0_3/bin/../lib/gcc/11/gcc -L/opt/homebrew/Cellar/gcc/11.2.0_3/bin/../lib/gcc/11/gcc/aarch64-apple-darwin21/11/../../.. /var/folders/m_/kzyr4q_11cl35ngrj77k28f00000gn/T//ccFwp1TQ.o -lgfortran -lgcc_s.1.1 -lgcc -lm -lgcc_s.1.1 -lgcc -lSystem -lgcc -no_compact_unwind -rpath @loader_path -rpath /opt/homebrew/Cellar/gcc/11.2.0_3/bin/../lib/gcc/11/gcc/aarch64-apple-darwin21/11 -rpath /opt/homebrew/Cellar/gcc/11.2.0_3/bin/../lib/gcc/11/gcc -rpath /opt/homebrew/Cellar/gcc/11.2.0_3/bin/../lib/gcc/11/gcc/aarch64-apple-darwin21/11/../../.. -v
collect2 version 11.2.0
/usr/bin/ld -syslibroot /Applications/Xcode-beta.app/Contents/Developer/Platforms/MacOSX.platform/Developer/SDKs/MacOSX12.3.sdk/ -dynamic -arch arm64 -macosx_version_min 12.1.0 -weak_reference_mismatches non-weak -o conftest -L/opt/homebrew/Cellar/gcc/11.2.0_3/bin/../lib/gcc/11/gcc/aarch64-apple-darwin21/11 -L/opt/homebrew/Cellar/gcc/11.2.0_3/bin/../lib/gcc/11/gcc -L/opt/homebrew/Cellar/gcc/11.2.0_3/bin/../lib/gcc/11/gcc/aarch64-apple-darwin21/11/../../.. /var/folders/m_/kzyr4q_11cl35ngrj77k28f00000gn/T//ccFwp1TQ.o -lgfortran -lgcc_s.1.1 -lgcc -lm -lgcc_s.1.1 -lgcc -lSystem -lgcc -no_compact_unwind -rpath @loader_path -rpath /opt/homebrew/Cellar/gcc/11.2.0_3/bin/../lib/gcc/11/gcc/aarch64-apple-darwin21/11 -rpath /opt/homebrew/Cellar/gcc/11.2.0_3/bin/../lib/gcc/11/gcc -rpath /opt/homebrew/Cellar/gcc/11.2.0_3/bin/../lib/gcc/11/gcc/aarch64-apple-darwin21/11/../../.. -v
@(#)PROGRAM:ld  PROJECT:ld64-762
BUILD 05:08:25 Feb 14 2022
configured to support archs: armv6 armv7 armv7s arm64 arm64e arm64_32 i386 x86_64 x86_64h armv6m armv7k armv7m armv7em
Library search paths:
	/opt/homebrew/Cellar/gcc/11.2.0_3/lib/gcc/11/gcc/aarch64-apple-darwin21/11
	/opt/homebrew/Cellar/gcc/11.2.0_3/lib/gcc/11/gcc
	/opt/homebrew/Cellar/gcc/11.2.0_3/lib/gcc/11
	/Applications/Xcode-beta.app/Contents/Developer/Platforms/MacOSX.platform/Developer/SDKs/MacOSX12.3.sdk/usr/lib
Framework search paths:
	/Applications/Xcode-beta.app/Contents/Developer/Platforms/MacOSX.platform/Developer/SDKs/MacOSX12.3.sdk/System/Library/Frameworks/
configure:6612: result: -v
configure:6614: checking for Fortran 77 libraries of gfortran
configure:6638: gfortran -o conftest -O2 -v conftest.f
Using built-in specs.
Target: aarch64-apple-darwin21
Thread model: posix
Supported LTO compression algorithms: zlib zstd
gcc version 11.2.0 (Homebrew GCC 11.2.0_3) 
 /opt/homebrew/Cellar/gcc/11.2.0_3/bin/../libexec/gcc/aarch64-apple-darwin21/11/f951 conftest.f -ffixed-form -fPIC -quiet -dumpbase conftest.f -dumpbase-ext .f -mmacosx-version-min=12.1.0 -mlittle-endian -mabi=lp64 -O2 -version -fintrinsic-modules-path /opt/homebrew/Cellar/gcc/11.2.0_3/bin/../lib/gcc/11/gcc/aarch64-apple-darwin21/11/finclude -o /var/folders/m_/kzyr4q_11cl35ngrj77k28f00000gn/T//ccyU99fD.s
GNU Fortran (Homebrew GCC 11.2.0_3) version 11.2.0 (aarch64-apple-darwin21)
	compiled by GNU C version 11.2.0, GMP version 6.2.1, MPFR version 4.1.0, MPC version 1.2.1, isl version isl-0.24-GMP

GGC heuristics: --param ggc-min-expand=100 --param ggc-min-heapsize=131072
GNU Fortran2008 (Homebrew GCC 11.2.0_3) version 11.2.0 (aarch64-apple-darwin21)
	compiled by GNU C version 11.2.0, GMP version 6.2.1, MPFR version 4.1.0, MPC version 1.2.1, isl version isl-0.24-GMP

GGC heuristics: --param ggc-min-expand=100 --param ggc-min-heapsize=131072
 as -arch arm64 -v -mmacosx-version-min=12.1 -o /var/folders/m_/kzyr4q_11cl35ngrj77k28f00000gn/T//ccFghCQG.o /var/folders/m_/kzyr4q_11cl35ngrj77k28f00000gn/T//ccyU99fD.s
Apple clang version 13.1.6 (clang-1316.0.21.1)
Target: arm64-apple-darwin21.2.0
Thread model: posix
InstalledDir: /Applications/Xcode-beta.app/Contents/Developer/Toolchains/XcodeDefault.xctoolchain/usr/bin
 "/Applications/Xcode-beta.app/Contents/Developer/Toolchains/XcodeDefault.xctoolchain/usr/bin/clang" -cc1as -triple arm64-apple-macosx12.1.0 -filetype obj -main-file-name ccyU99fD.s -target-cpu apple-m1 -target-feature +v8.5a -target-feature +fp-armv8 -target-feature +neon -target-feature +crc -target-feature +crypto -target-feature +dotprod -target-feature +fp16fml -target-feature +ras -target-feature +lse -target-feature +rdm -target-feature +rcpc -target-feature +zcm -target-feature +zcz -target-feature +fullfp16 -target-feature +sm4 -target-feature +sha3 -target-feature +sha2 -target-feature +aes -fdebug-compilation-dir=/Users/jintian/dev/codes/ai/toolchains/mimicry/vendor/towr/Ipopt -dwarf-debug-producer "Apple clang version 13.1.6 (clang-1316.0.21.1)" -dwarf-version=4 -mrelocation-model pic --mrelax-relocations -mllvm -disable-aligned-alloc-awareness=1 -o /var/folders/m_/kzyr4q_11cl35ngrj77k28f00000gn/T//ccFghCQG.o /var/folders/m_/kzyr4q_11cl35ngrj77k28f00000gn/T//ccyU99fD.s
Reading specs from /opt/homebrew/Cellar/gcc/11.2.0_3/bin/../lib/gcc/11/gcc/aarch64-apple-darwin21/11/../../../libgfortran.spec
rename spec lib to liborig
 /opt/homebrew/Cellar/gcc/11.2.0_3/bin/../libexec/gcc/aarch64-apple-darwin21/11/collect2 -syslibroot /Applications/Xcode-beta.app/Contents/Developer/Platforms/MacOSX.platform/Developer/SDKs/MacOSX12.3.sdk/ -dynamic -arch arm64 -macosx_version_min 12.1.0 -weak_reference_mismatches non-weak -o conftest -L/opt/homebrew/Cellar/gcc/11.2.0_3/bin/../lib/gcc/11/gcc/aarch64-apple-darwin21/11 -L/opt/homebrew/Cellar/gcc/11.2.0_3/bin/../lib/gcc/11/gcc -L/opt/homebrew/Cellar/gcc/11.2.0_3/bin/../lib/gcc/11/gcc/aarch64-apple-darwin21/11/../../.. /var/folders/m_/kzyr4q_11cl35ngrj77k28f00000gn/T//ccFghCQG.o -lgfortran -lgcc_s.1.1 -lgcc -lm -lgcc_s.1.1 -lgcc -lSystem -lgcc -no_compact_unwind -rpath @loader_path -rpath /opt/homebrew/Cellar/gcc/11.2.0_3/bin/../lib/gcc/11/gcc/aarch64-apple-darwin21/11 -rpath /opt/homebrew/Cellar/gcc/11.2.0_3/bin/../lib/gcc/11/gcc -rpath /opt/homebrew/Cellar/gcc/11.2.0_3/bin/../lib/gcc/11/gcc/aarch64-apple-darwin21/11/../../.. -v
collect2 version 11.2.0
/usr/bin/ld -syslibroot /Applications/Xcode-beta.app/Contents/Developer/Platforms/MacOSX.platform/Developer/SDKs/MacOSX12.3.sdk/ -dynamic -arch arm64 -macosx_version_min 12.1.0 -weak_reference_mismatches non-weak -o conftest -L/opt/homebrew/Cellar/gcc/11.2.0_3/bin/../lib/gcc/11/gcc/aarch64-apple-darwin21/11 -L/opt/homebrew/Cellar/gcc/11.2.0_3/bin/../lib/gcc/11/gcc -L/opt/homebrew/Cellar/gcc/11.2.0_3/bin/../lib/gcc/11/gcc/aarch64-apple-darwin21/11/../../.. /var/folders/m_/kzyr4q_11cl35ngrj77k28f00000gn/T//ccFghCQG.o -lgfortran -lgcc_s.1.1 -lgcc -lm -lgcc_s.1.1 -lgcc -lSystem -lgcc -no_compact_unwind -rpath @loader_path -rpath /opt/homebrew/Cellar/gcc/11.2.0_3/bin/../lib/gcc/11/gcc/aarch64-apple-darwin21/11 -rpath /opt/homebrew/Cellar/gcc/11.2.0_3/bin/../lib/gcc/11/gcc -rpath /opt/homebrew/Cellar/gcc/11.2.0_3/bin/../lib/gcc/11/gcc/aarch64-apple-darwin21/11/../../.. -v
@(#)PROGRAM:ld  PROJECT:ld64-762
BUILD 05:08:25 Feb 14 2022
configured to support archs: armv6 armv7 armv7s arm64 arm64e arm64_32 i386 x86_64 x86_64h armv6m armv7k armv7m armv7em
Library search paths:
	/opt/homebrew/Cellar/gcc/11.2.0_3/lib/gcc/11/gcc/aarch64-apple-darwin21/11
	/opt/homebrew/Cellar/gcc/11.2.0_3/lib/gcc/11/gcc
	/opt/homebrew/Cellar/gcc/11.2.0_3/lib/gcc/11
	/Applications/Xcode-beta.app/Contents/Developer/Platforms/MacOSX.platform/Developer/SDKs/MacOSX12.3.sdk/usr/lib
Framework search paths:
	/Applications/Xcode-beta.app/Contents/Developer/Platforms/MacOSX.platform/Developer/SDKs/MacOSX12.3.sdk/System/Library/Frameworks/
configure:6854: result:  -L/opt/homebrew/Cellar/gcc/11.2.0_3/bin/../lib/gcc/11/gcc/aarch64-apple-darwin21/11 -L/opt/homebrew/Cellar/gcc/11.2.0_3/bin/../lib/gcc/11/gcc -L/opt/homebrew/Cellar/gcc/11.2.0_3/bin/../lib/gcc/11/gcc/aarch64-apple-darwin21/11/../../.. -lgfortran -lm
configure:6871: checking for dummy main to link with Fortran 77 libraries
configure:6906: gcc -o conftest -O2 -DNDEBUG    conftest.c   -L/opt/homebrew/Cellar/gcc/11.2.0_3/bin/../lib/gcc/11/gcc/aarch64-apple-darwin21/11 -L/opt/homebrew/Cellar/gcc/11.2.0_3/bin/../lib/gcc/11/gcc -L/opt/homebrew/Cellar/gcc/11.2.0_3/bin/../lib/gcc/11/gcc/aarch64-apple-darwin21/11/../../.. -lgfortran -lm >&5
configure:6906: $? = 0
configure:6953: result: none
configure:6985: checking for Fortran 77 name-mangling scheme
configure:6999: gfortran -c -O2  conftest.f >&5
configure:6999: $? = 0
configure:7038: gcc -o conftest -O2 -DNDEBUG    conftest.c cfortran_test.o   -L/opt/homebrew/Cellar/gcc/11.2.0_3/bin/../lib/gcc/11/gcc/aarch64-apple-darwin21/11 -L/opt/homebrew/Cellar/gcc/11.2.0_3/bin/../lib/gcc/11/gcc -L/opt/homebrew/Cellar/gcc/11.2.0_3/bin/../lib/gcc/11/gcc/aarch64-apple-darwin21/11/../../.. -lgfortran -lm >&5
ld: warning: object file (cfortran_test.o) was built for newer macOS version (12.1) than being linked (12.0)
Undefined symbols for architecture arm64:
  "_foobar", referenced from:
      _main in conftest-9eeca9.o
     (maybe you meant: _foobar_)
ld: symbol(s) not found for architecture arm64
clang: error: linker command failed with exit code 1 (use -v to see invocation)
configure:7038: $? = 1
configure: failed program was:
| /* confdefs.h */
| #define PACKAGE_NAME "Ipopt"
| #define PACKAGE_TARNAME "ipopt"
| #define PACKAGE_VERSION "3.14.5"
| #define PACKAGE_STRING "Ipopt 3.14.5"
| #define PACKAGE_BUGREPORT "https://github.com/coin-or/Ipopt/issues/new"
| #define PACKAGE_URL "https://github.com/coin-or/Ipopt"
| #define IPOPT_VERSION "3.14.5"
| #define IPOPT_VERSION_MAJOR 3
| #define IPOPT_VERSION_MINOR 14
| #define IPOPT_VERSION_RELEASE 5
| /* end confdefs.h.  */
| 
| /* Override any GCC internal prototype to avoid an error.
|    Use char because int might match the return type of a GCC
|    builtin and then its argument prototype would still apply.  */
| char foobar ();
| #ifdef F77_DUMMY_MAIN
| 
| #  ifdef __cplusplus
|      extern "C"
| #  endif
|    int F77_DUMMY_MAIN() { return 1; }
| 
| #endif
| int
| main (void)
| {
| return foobar ();
|   ;
|   return 0;
| }
configure:7038: gcc -o conftest -O2 -DNDEBUG    conftest.c cfortran_test.o   -L/opt/homebrew/Cellar/gcc/11.2.0_3/bin/../lib/gcc/11/gcc/aarch64-apple-darwin21/11 -L/opt/homebrew/Cellar/gcc/11.2.0_3/bin/../lib/gcc/11/gcc -L/opt/homebrew/Cellar/gcc/11.2.0_3/bin/../lib/gcc/11/gcc/aarch64-apple-darwin21/11/../../.. -lgfortran -lm >&5
ld: warning: object file (cfortran_test.o) was built for newer macOS version (12.1) than being linked (12.0)
configure:7038: $? = 0
configure:7094: gcc -o conftest -O2 -DNDEBUG    conftest.c cfortran_test.o   -L/opt/homebrew/Cellar/gcc/11.2.0_3/bin/../lib/gcc/11/gcc/aarch64-apple-darwin21/11 -L/opt/homebrew/Cellar/gcc/11.2.0_3/bin/../lib/gcc/11/gcc -L/opt/homebrew/Cellar/gcc/11.2.0_3/bin/../lib/gcc/11/gcc/aarch64-apple-darwin21/11/../../.. -lgfortran -lm >&5
ld: warning: object file (cfortran_test.o) was built for newer macOS version (12.1) than being linked (12.0)
configure:7094: $? = 0
configure:7137: result: lower case, underscore, no extra underscore
configure:7210: checking whether gfortran understands -c and -o together
configure:7229: gfortran -O2  -c conftest.f -o conftest2.o >&5
configure:7233: $? = 0
configure:7240: gfortran -O2  -c conftest.f -o conftest2.o >&5
configure:7244: $? = 0
configure:7252: result: yes
configure:7323: checking how to print strings
configure:7350: result: printf
configure:7371: checking for a sed that does not truncate output
configure:7441: result: /usr/bin/sed
configure:7459: checking for grep that handles long lines and -e
configure:7523: result: /usr/bin/grep
configure:7528: checking for egrep
configure:7596: result: /usr/bin/grep -E
configure:7601: checking for fgrep
configure:7669: result: /usr/bin/grep -F
configure:7705: checking for ld used by gcc
configure:7773: result: /Applications/Xcode-beta.app/Contents/Developer/Toolchains/XcodeDefault.xctoolchain/usr/bin/ld
configure:7780: checking if the linker (/Applications/Xcode-beta.app/Contents/Developer/Toolchains/XcodeDefault.xctoolchain/usr/bin/ld) is GNU ld
configure:7796: result: no
configure:7808: checking for BSD- or MS-compatible name lister (nm)
configure:7863: result: /usr/bin/nm -B
configure:8003: checking the name lister (/usr/bin/nm -B) interface
configure:8011: gcc -c -O2 -DNDEBUG   conftest.c >&5
configure:8014: /usr/bin/nm -B "conftest.o"
configure:8017: output
0000000000000000 S _some_variable
0000000000000000 t ltmp0
0000000000000000 s ltmp1
configure:8024: result: BSD nm
configure:8027: checking whether ln -s works
configure:8031: result: yes
configure:8039: checking the maximum length of command line arguments
configure:8171: result: 786432
configure:8219: checking how to convert aarch64-apple-darwin21.2.0 file names to aarch64-apple-darwin21.2.0 format
configure:8260: result: func_convert_file_noop
configure:8267: checking how to convert aarch64-apple-darwin21.2.0 file names to toolchain format
configure:8288: result: func_convert_file_noop
configure:8295: checking for /Applications/Xcode-beta.app/Contents/Developer/Toolchains/XcodeDefault.xctoolchain/usr/bin/ld option to reload object files
configure:8303: result: -r
configure:8382: checking for objdump
configure:8403: found /usr/bin/objdump
configure:8414: result: objdump
configure:8443: checking how to recognize dependent libraries
configure:8644: result: pass_all
configure:8734: checking for dlltool
configure:8769: result: no
configure:8796: checking how to associate runtime and link libraries
configure:8824: result: printf %s\n
configure:8889: checking for ar
configure:8910: found /usr/bin/ar
configure:8921: result: ar
configure:8958: checking for archiver @FILE support
configure:8984: gcc -c -O2 -DNDEBUG   conftest.c >&5
configure:8984: $? = 0
configure:8988: ar cru libconftest.a @conftest.lst >&5
ar: @conftest.lst: No such file or directory
configure:8991: $? = 1
configure:9011: result: no
configure:9074: checking for strip
configure:9095: found /usr/bin/strip
configure:9106: result: strip
configure:9183: checking for ranlib
configure:9204: found /usr/bin/ranlib
configure:9215: result: ranlib
configure:9317: checking command to parse /usr/bin/nm -B output from gcc object
configure:9471: gcc -c -O2 -DNDEBUG   conftest.c >&5
configure:9474: $? = 0
configure:9478: /usr/bin/nm -B conftest.o \| sed -n -e 's/^.*[ ]\([ABCDGIRSTW][ABCDGIRSTW]*\)[ ][ ]*\([_A-Za-z][_A-Za-z0-9]*\)$/\1 \2 \2/p' | sed '/ __gnu_lto/d' \> conftest.nm
configure:9481: $? = 0
cannot find nm_test_var in conftest.nm
configure:9471: gcc -c -O2 -DNDEBUG   conftest.c >&5
configure:9474: $? = 0
configure:9478: /usr/bin/nm -B conftest.o \| sed -n -e 's/^.*[ ]\([ABCDGIRSTW][ABCDGIRSTW]*\)[ ][ ]*_\([_A-Za-z][_A-Za-z0-9]*\)$/\1 _\2 \2/p' | sed '/ __gnu_lto/d' \> conftest.nm
configure:9481: $? = 0
configure:9547: gcc -o conftest -O2 -DNDEBUG    conftest.c conftstm.o >&5
configure:9550: $? = 0
configure:9588: result: ok
configure:9635: checking for sysroot
configure:9666: result: no
configure:9673: checking for a working dd
configure:9717: result: /bin/dd
configure:9721: checking how to truncate binary pipes
configure:9737: result: /bin/dd bs=4096 count=1
configure:10082: checking for mt
configure:10117: result: no
configure:10137: checking if : is a manifest tool
configure:10144: : '-?'
configure:10152: result: no
configure:10213: checking for dsymutil
configure:10234: found /opt/homebrew/opt/llvm/bin/dsymutil
configure:10245: result: dsymutil
configure:10315: checking for nmedit
configure:10336: found /usr/bin/nmedit
configure:10347: result: nmedit
configure:10417: checking for lipo
configure:10438: found /usr/bin/lipo
configure:10449: result: lipo
configure:10519: checking for otool
configure:10540: found /usr/bin/otool
configure:10551: result: otool
configure:10621: checking for otool64
configure:10656: result: no
configure:10701: checking for -single_module linker flag
gcc -O2 -DNDEBUG   -o libconftest.dylib -dynamiclib -Wl,-single_module conftest.c
configure:10735: result: yes
configure:10738: checking for -exported_symbols_list linker flag
configure:10767: gcc -o conftest -O2 -DNDEBUG    -Wl,-exported_symbols_list,conftest.sym conftest.c  >&5
configure:10767: $? = 0
configure:10778: result: yes
configure:10781: checking for -force_load linker flag
gcc -O2 -DNDEBUG  -c -o conftest.o conftest.c
ar cru libconftest.a conftest.o
ranlib libconftest.a
gcc -O2 -DNDEBUG   -o conftest conftest.c -Wl,-force_load,./libconftest.a
configure:10814: result: yes
configure:10890: checking for stdio.h
configure:10890: gcc -c -O2 -DNDEBUG   conftest.c >&5
configure:10890: $? = 0
configure:10890: result: yes
configure:10890: checking for stdlib.h
configure:10890: gcc -c -O2 -DNDEBUG   conftest.c >&5
configure:10890: $? = 0
configure:10890: result: yes
configure:10890: checking for string.h
configure:10890: gcc -c -O2 -DNDEBUG   conftest.c >&5
configure:10890: $? = 0
configure:10890: result: yes
configure:10890: checking for inttypes.h
configure:10890: gcc -c -O2 -DNDEBUG   conftest.c >&5
configure:10890: $? = 0
configure:10890: result: yes
configure:10890: checking for stdint.h
configure:10890: gcc -c -O2 -DNDEBUG   conftest.c >&5
configure:10890: $? = 0
configure:10890: result: yes
configure:10890: checking for strings.h
configure:10890: gcc -c -O2 -DNDEBUG   conftest.c >&5
configure:10890: $? = 0
configure:10890: result: yes
configure:10890: checking for sys/stat.h
configure:10890: gcc -c -O2 -DNDEBUG   conftest.c >&5
configure:10890: $? = 0
configure:10890: result: yes
configure:10890: checking for sys/types.h
configure:10890: gcc -c -O2 -DNDEBUG   conftest.c >&5
configure:10890: $? = 0
configure:10890: result: yes
configure:10890: checking for unistd.h
configure:10890: gcc -c -O2 -DNDEBUG   conftest.c >&5
configure:10890: $? = 0
configure:10890: result: yes
configure:10915: checking for dlfcn.h
configure:10915: gcc -c -O2 -DNDEBUG   conftest.c >&5
configure:10915: $? = 0
configure:10915: result: yes
configure:11048: checking the archiver (ar) interface
configure:11065: gcc -c -O2 -DNDEBUG   conftest.c >&5
configure:11065: $? = 0
configure:11068: ar cru libconftest.a conftest.o >&5
configure:11071: $? = 0
configure:11099: result: ar
configure:11697: checking for objdir
configure:11713: result: .libs
configure:11973: checking if gcc supports -fno-rtti -fno-exceptions
configure:11992: gcc -c -O2 -DNDEBUG   -fno-rtti -fno-exceptions conftest.c >&5
configure:11996: $? = 0
configure:12009: result: yes
configure:12367: checking for gcc option to produce PIC
configure:12375: result: -fno-common -DPIC
configure:12383: checking if gcc PIC flag -fno-common -DPIC works
configure:12402: gcc -c -O2 -DNDEBUG   -fno-common -DPIC -DPIC conftest.c >&5
configure:12406: $? = 0
configure:12419: result: yes
configure:12448: checking if gcc static flag -static works
configure:12477: result: no
configure:12492: checking if gcc supports -c -o file.o
configure:12514: gcc -c -O2 -DNDEBUG   -o out/conftest2.o conftest.c >&5
configure:12518: $? = 0
configure:12540: result: yes
configure:12548: checking if gcc supports -c -o file.o
configure:12596: result: yes
configure:12629: checking whether the gcc linker (/Applications/Xcode-beta.app/Contents/Developer/Toolchains/XcodeDefault.xctoolchain/usr/bin/ld) supports shared libraries
configure:13911: result: yes
configure:14152: checking dynamic linker characteristics
configure:14981: result: darwin21.2.0 dyld
configure:15103: checking how to hardcode library paths into programs
configure:15128: result: immediate
configure:15720: checking whether stripping libraries is possible
configure:15734: result: yes
configure:15760: checking if libtool supports shared libraries
configure:15762: result: yes
configure:15765: checking whether to build shared libraries
configure:15790: result: yes
configure:15793: checking whether to build static libraries
configure:15797: result: no
configure:15820: checking how to run the C++ preprocessor
configure:15842: g++ -E  conftest.cpp
configure:15842: $? = 0
configure:15857: g++ -E  conftest.cpp
conftest.cpp:27:10: fatal error: 'ac_nonexistent.h' file not found
#include <ac_nonexistent.h>
         ^~~~~~~~~~~~~~~~~~
1 error generated.
configure:15857: $? = 1
configure: failed program was:
| /* confdefs.h */
| #define PACKAGE_NAME "Ipopt"
| #define PACKAGE_TARNAME "ipopt"
| #define PACKAGE_VERSION "3.14.5"
| #define PACKAGE_STRING "Ipopt 3.14.5"
| #define PACKAGE_BUGREPORT "https://github.com/coin-or/Ipopt/issues/new"
| #define PACKAGE_URL "https://github.com/coin-or/Ipopt"
| #define IPOPT_VERSION "3.14.5"
| #define IPOPT_VERSION_MAJOR 3
| #define IPOPT_VERSION_MINOR 14
| #define IPOPT_VERSION_RELEASE 5
| #define F77_FUNC(name,NAME) name ## _
| #define F77_FUNC_(name,NAME) name ## _
| #define HAVE_STDIO_H 1
| #define HAVE_STDLIB_H 1
| #define HAVE_STRING_H 1
| #define HAVE_INTTYPES_H 1
| #define HAVE_STDINT_H 1
| #define HAVE_STRINGS_H 1
| #define HAVE_SYS_STAT_H 1
| #define HAVE_SYS_TYPES_H 1
| #define HAVE_UNISTD_H 1
| #define STDC_HEADERS 1
| #define HAVE_DLFCN_H 1
| #define LT_OBJDIR ".libs/"
| /* end confdefs.h.  */
| #include <ac_nonexistent.h>
configure:15884: result: g++ -E
configure:15898: g++ -E  conftest.cpp
configure:15898: $? = 0
configure:15913: g++ -E  conftest.cpp
conftest.cpp:27:10: fatal error: 'ac_nonexistent.h' file not found
#include <ac_nonexistent.h>
         ^~~~~~~~~~~~~~~~~~
1 error generated.
configure:15913: $? = 1
configure: failed program was:
| /* confdefs.h */
| #define PACKAGE_NAME "Ipopt"
| #define PACKAGE_TARNAME "ipopt"
| #define PACKAGE_VERSION "3.14.5"
| #define PACKAGE_STRING "Ipopt 3.14.5"
| #define PACKAGE_BUGREPORT "https://github.com/coin-or/Ipopt/issues/new"
| #define PACKAGE_URL "https://github.com/coin-or/Ipopt"
| #define IPOPT_VERSION "3.14.5"
| #define IPOPT_VERSION_MAJOR 3
| #define IPOPT_VERSION_MINOR 14
| #define IPOPT_VERSION_RELEASE 5
| #define F77_FUNC(name,NAME) name ## _
| #define F77_FUNC_(name,NAME) name ## _
| #define HAVE_STDIO_H 1
| #define HAVE_STDLIB_H 1
| #define HAVE_STRING_H 1
| #define HAVE_INTTYPES_H 1
| #define HAVE_STDINT_H 1
| #define HAVE_STRINGS_H 1
| #define HAVE_SYS_STAT_H 1
| #define HAVE_SYS_TYPES_H 1
| #define HAVE_UNISTD_H 1
| #define STDC_HEADERS 1
| #define HAVE_DLFCN_H 1
| #define LT_OBJDIR ".libs/"
| /* end confdefs.h.  */
| #include <ac_nonexistent.h>
configure:16078: checking for ld used by g++
configure:16146: result: /Applications/Xcode-beta.app/Contents/Developer/Toolchains/XcodeDefault.xctoolchain/usr/bin/ld
configure:16153: checking if the linker (/Applications/Xcode-beta.app/Contents/Developer/Toolchains/XcodeDefault.xctoolchain/usr/bin/ld) is GNU ld
configure:16169: result: no
configure:16224: checking whether the g++ linker (/Applications/Xcode-beta.app/Contents/Developer/Toolchains/XcodeDefault.xctoolchain/usr/bin/ld) supports shared libraries
configure:17317: result: yes
configure:17353: g++ -c -O2 -DNDEBUG   conftest.cpp >&5
configure:17356: $? = 0
configure:17837: checking for g++ option to produce PIC
configure:17845: result: -fno-common -DPIC
configure:17853: checking if g++ PIC flag -fno-common -DPIC works
configure:17872: g++ -c -O2 -DNDEBUG   -fno-common -DPIC -DPIC conftest.cpp >&5
configure:17876: $? = 0
configure:17889: result: yes
configure:17912: checking if g++ static flag -static works
configure:17941: result: no
configure:17953: checking if g++ supports -c -o file.o
configure:17975: g++ -c -O2 -DNDEBUG   -o out/conftest2.o conftest.cpp >&5
configure:17979: $? = 0
configure:18001: result: yes
configure:18006: checking if g++ supports -c -o file.o
configure:18054: result: yes
configure:18084: checking whether the g++ linker (/Applications/Xcode-beta.app/Contents/Developer/Toolchains/XcodeDefault.xctoolchain/usr/bin/ld) supports shared libraries
configure:18124: result: yes
configure:18266: checking dynamic linker characteristics
configure:19022: result: darwin21.2.0 dyld
configure:19087: checking how to hardcode library paths into programs
configure:19112: result: immediate
configure:19253: checking if libtool supports shared libraries
configure:19255: result: yes
configure:19258: checking whether to build shared libraries
configure:19282: result: yes
configure:19285: checking whether to build static libraries
configure:19289: result: no
configure:19641: checking for gfortran option to produce PIC
configure:19649: result: -fno-common
configure:19657: checking if gfortran PIC flag -fno-common works
configure:19676: gfortran -c -O2  -fno-common conftest.f >&5
configure:19680: $? = 0
configure:19693: result: yes
configure:19716: checking if gfortran static flag -static works
configure:19745: result: no
configure:19757: checking if gfortran supports -c -o file.o
configure:19779: gfortran -c -O2  -o out/conftest2.o conftest.f >&5
configure:19783: $? = 0
configure:19805: result: yes
configure:19810: checking if gfortran supports -c -o file.o
configure:19858: result: yes
configure:19888: checking whether the gfortran linker (/Applications/Xcode-beta.app/Contents/Developer/Toolchains/XcodeDefault.xctoolchain/usr/bin/ld) supports shared libraries
configure:21103: result: yes
configure:21245: checking dynamic linker characteristics
configure:21987: result: darwin21.2.0 dyld
configure:22052: checking how to hardcode library paths into programs
configure:22077: result: immediate
configure:22148: libtool version info: -version-number 3:14:5
configure:22248: g++ -c -O2 -DNDEBUG   conftest.cpp >&5
configure:22248: $? = 0
configure:22286: Assuming that CXXLIBS is -lc++.
configure:22302: configuring doxygen documentation options
configure:22308: checking for doxygen
configure:22341: result: no
configure:22351: checking for latex
configure:22384: result: no
configure:22413: checking for dot
configure:22434: found /opt/homebrew/bin/dot
configure:22446: result: YES
configure:22595: checking for library containing cos
configure:22633: gcc -o conftest -O2 -DNDEBUG    conftest.c  >&5
conftest.c:33:6: warning: incompatible redeclaration of library function 'cos' [-Wincompatible-library-redeclaration]
char cos ();
     ^
conftest.c:33:6: note: 'cos' is a builtin with type 'double (double)'
1 warning generated.
configure:22633: $? = 0
configure:22653: result: none required
configure:22726: checking for pkgconf
configure:22761: result: no
configure:22726: checking for pkg-config
configure:22747: found /opt/homebrew/bin/pkg-config
configure:22758: result: pkg-config
configure:22785: checking pkg-config is at least version 0.16.0
configure:22789: result: yes: 0.29.2
configure:22825: pkg-config path is "/usr/local/lib/pkgconfig:"
configure:22830: checking for LAPACK
configure:23272: gcc -o conftest -O2 -DNDEBUG    conftest.c -lmkl_intel_lp64 -lmkl_sequential -lmkl_core -lm  >&5
ld: library not found for -lmkl_intel_lp64
clang: error: linker command failed with exit code 1 (use -v to see invocation)
configure:23272: $? = 1
configure: failed program was:
| /* confdefs.h */
| #define PACKAGE_NAME "Ipopt"
| #define PACKAGE_TARNAME "ipopt"
| #define PACKAGE_VERSION "3.14.5"
| #define PACKAGE_STRING "Ipopt 3.14.5"
| #define PACKAGE_BUGREPORT "https://github.com/coin-or/Ipopt/issues/new"
| #define PACKAGE_URL "https://github.com/coin-or/Ipopt"
| #define IPOPT_VERSION "3.14.5"
| #define IPOPT_VERSION_MAJOR 3
| #define IPOPT_VERSION_MINOR 14
| #define IPOPT_VERSION_RELEASE 5
| #define F77_FUNC(name,NAME) name ## _
| #define F77_FUNC_(name,NAME) name ## _
| #define HAVE_STDIO_H 1
| #define HAVE_STDLIB_H 1
| #define HAVE_STRING_H 1
| #define HAVE_INTTYPES_H 1
| #define HAVE_STDINT_H 1
| #define HAVE_STRINGS_H 1
| #define HAVE_SYS_STAT_H 1
| #define HAVE_SYS_TYPES_H 1
| #define HAVE_UNISTD_H 1
| #define STDC_HEADERS 1
| #define HAVE_DLFCN_H 1
| #define LT_OBJDIR ".libs/"
| #define IPOPT_VERBOSITY 0
| #define IPOPT_CHECKLEVEL 0
| /* end confdefs.h.  */
| 
| /* Override any GCC internal prototype to avoid an error.
|    Use char because int might match the return type of a GCC
|    builtin and then its argument prototype would still apply.  */
| char dsyev_ ();
| #ifdef F77_DUMMY_MAIN
| 
| #  ifdef __cplusplus
|      extern "C"
| #  endif
|    int F77_DUMMY_MAIN() { return 1; }
| 
| #endif
| int
| main (void)
| {
| return dsyev_ ();
|   ;
|   return 0;
| }
configure:23272: gcc -o conftest -O2 -DNDEBUG    conftest.c -lmkl_intel_lp64 -lmkl_sequential -lmkl_core -lm  >&5
ld: library not found for -lmkl_intel_lp64
clang: error: linker command failed with exit code 1 (use -v to see invocation)
configure:23272: $? = 1
configure: failed program was:
| /* confdefs.h */
| #define PACKAGE_NAME "Ipopt"
| #define PACKAGE_TARNAME "ipopt"
| #define PACKAGE_VERSION "3.14.5"
| #define PACKAGE_STRING "Ipopt 3.14.5"
| #define PACKAGE_BUGREPORT "https://github.com/coin-or/Ipopt/issues/new"
| #define PACKAGE_URL "https://github.com/coin-or/Ipopt"
| #define IPOPT_VERSION "3.14.5"
| #define IPOPT_VERSION_MAJOR 3
| #define IPOPT_VERSION_MINOR 14
| #define IPOPT_VERSION_RELEASE 5
| #define F77_FUNC(name,NAME) name ## _
| #define F77_FUNC_(name,NAME) name ## _
| #define HAVE_STDIO_H 1
| #define HAVE_STDLIB_H 1
| #define HAVE_STRING_H 1
| #define HAVE_INTTYPES_H 1
| #define HAVE_STDINT_H 1
| #define HAVE_STRINGS_H 1
| #define HAVE_SYS_STAT_H 1
| #define HAVE_SYS_TYPES_H 1
| #define HAVE_UNISTD_H 1
| #define STDC_HEADERS 1
| #define HAVE_DLFCN_H 1
| #define LT_OBJDIR ".libs/"
| #define IPOPT_VERBOSITY 0
| #define IPOPT_CHECKLEVEL 0
| /* end confdefs.h.  */
| 
| /* Override any GCC internal prototype to avoid an error.
|    Use char because int might match the return type of a GCC
|    builtin and then its argument prototype would still apply.  */
| char dsyev ();
| #ifdef F77_DUMMY_MAIN
| 
| #  ifdef __cplusplus
|      extern "C"
| #  endif
|    int F77_DUMMY_MAIN() { return 1; }
| 
| #endif
| int
| main (void)
| {
| return dsyev ();
|   ;
|   return 0;
| }
configure:23272: gcc -o conftest -O2 -DNDEBUG    conftest.c -lmkl_intel_lp64 -lmkl_sequential -lmkl_core -lm  >&5
ld: library not found for -lmkl_intel_lp64
clang: error: linker command failed with exit code 1 (use -v to see invocation)
configure:23272: $? = 1
configure: failed program was:
| /* confdefs.h */
| #define PACKAGE_NAME "Ipopt"
| #define PACKAGE_TARNAME "ipopt"
| #define PACKAGE_VERSION "3.14.5"
| #define PACKAGE_STRING "Ipopt 3.14.5"
| #define PACKAGE_BUGREPORT "https://github.com/coin-or/Ipopt/issues/new"
| #define PACKAGE_URL "https://github.com/coin-or/Ipopt"
| #define IPOPT_VERSION "3.14.5"
| #define IPOPT_VERSION_MAJOR 3
| #define IPOPT_VERSION_MINOR 14
| #define IPOPT_VERSION_RELEASE 5
| #define F77_FUNC(name,NAME) name ## _
| #define F77_FUNC_(name,NAME) name ## _
| #define HAVE_STDIO_H 1
| #define HAVE_STDLIB_H 1
| #define HAVE_STRING_H 1
| #define HAVE_INTTYPES_H 1
| #define HAVE_STDINT_H 1
| #define HAVE_STRINGS_H 1
| #define HAVE_SYS_STAT_H 1
| #define HAVE_SYS_TYPES_H 1
| #define HAVE_UNISTD_H 1
| #define STDC_HEADERS 1
| #define HAVE_DLFCN_H 1
| #define LT_OBJDIR ".libs/"
| #define IPOPT_VERBOSITY 0
| #define IPOPT_CHECKLEVEL 0
| /* end confdefs.h.  */
| 
| /* Override any GCC internal prototype to avoid an error.
|    Use char because int might match the return type of a GCC
|    builtin and then its argument prototype would still apply.  */
| char DSYEV_ ();
| #ifdef F77_DUMMY_MAIN
| 
| #  ifdef __cplusplus
|      extern "C"
| #  endif
|    int F77_DUMMY_MAIN() { return 1; }
| 
| #endif
| int
| main (void)
| {
| return DSYEV_ ();
|   ;
|   return 0;
| }
configure:23272: gcc -o conftest -O2 -DNDEBUG    conftest.c -lmkl_intel_lp64 -lmkl_sequential -lmkl_core -lm  >&5
ld: library not found for -lmkl_intel_lp64
clang: error: linker command failed with exit code 1 (use -v to see invocation)
configure:23272: $? = 1
configure: failed program was:
| /* confdefs.h */
| #define PACKAGE_NAME "Ipopt"
| #define PACKAGE_TARNAME "ipopt"
| #define PACKAGE_VERSION "3.14.5"
| #define PACKAGE_STRING "Ipopt 3.14.5"
| #define PACKAGE_BUGREPORT "https://github.com/coin-or/Ipopt/issues/new"
| #define PACKAGE_URL "https://github.com/coin-or/Ipopt"
| #define IPOPT_VERSION "3.14.5"
| #define IPOPT_VERSION_MAJOR 3
| #define IPOPT_VERSION_MINOR 14
| #define IPOPT_VERSION_RELEASE 5
| #define F77_FUNC(name,NAME) name ## _
| #define F77_FUNC_(name,NAME) name ## _
| #define HAVE_STDIO_H 1
| #define HAVE_STDLIB_H 1
| #define HAVE_STRING_H 1
| #define HAVE_INTTYPES_H 1
| #define HAVE_STDINT_H 1
| #define HAVE_STRINGS_H 1
| #define HAVE_SYS_STAT_H 1
| #define HAVE_SYS_TYPES_H 1
| #define HAVE_UNISTD_H 1
| #define STDC_HEADERS 1
| #define HAVE_DLFCN_H 1
| #define LT_OBJDIR ".libs/"
| #define IPOPT_VERBOSITY 0
| #define IPOPT_CHECKLEVEL 0
| /* end confdefs.h.  */
| 
| /* Override any GCC internal prototype to avoid an error.
|    Use char because int might match the return type of a GCC
|    builtin and then its argument prototype would still apply.  */
| char DSYEV ();
| #ifdef F77_DUMMY_MAIN
| 
| #  ifdef __cplusplus
|      extern "C"
| #  endif
|    int F77_DUMMY_MAIN() { return 1; }
| 
| #endif
| int
| main (void)
| {
| return DSYEV ();
|   ;
|   return 0;
| }
configure:23272: gcc -o conftest -O2 -DNDEBUG    conftest.c -lmkl_intel_lp64 -lmkl_sequential -lmkl_core -lm  >&5
ld: library not found for -lmkl_intel_lp64
clang: error: linker command failed with exit code 1 (use -v to see invocation)
configure:23272: $? = 1
configure: failed program was:
| /* confdefs.h */
| #define PACKAGE_NAME "Ipopt"
| #define PACKAGE_TARNAME "ipopt"
| #define PACKAGE_VERSION "3.14.5"
| #define PACKAGE_STRING "Ipopt 3.14.5"
| #define PACKAGE_BUGREPORT "https://github.com/coin-or/Ipopt/issues/new"
| #define PACKAGE_URL "https://github.com/coin-or/Ipopt"
| #define IPOPT_VERSION "3.14.5"
| #define IPOPT_VERSION_MAJOR 3
| #define IPOPT_VERSION_MINOR 14
| #define IPOPT_VERSION_RELEASE 5
| #define F77_FUNC(name,NAME) name ## _
| #define F77_FUNC_(name,NAME) name ## _
| #define HAVE_STDIO_H 1
| #define HAVE_STDLIB_H 1
| #define HAVE_STRING_H 1
| #define HAVE_INTTYPES_H 1
| #define HAVE_STDINT_H 1
| #define HAVE_STRINGS_H 1
| #define HAVE_SYS_STAT_H 1
| #define HAVE_SYS_TYPES_H 1
| #define HAVE_UNISTD_H 1
| #define STDC_HEADERS 1
| #define HAVE_DLFCN_H 1
| #define LT_OBJDIR ".libs/"
| #define IPOPT_VERBOSITY 0
| #define IPOPT_CHECKLEVEL 0
| /* end confdefs.h.  */
| 
| /* Override any GCC internal prototype to avoid an error.
|    Use char because int might match the return type of a GCC
|    builtin and then its argument prototype would still apply.  */
| char dsyev__ ();
| #ifdef F77_DUMMY_MAIN
| 
| #  ifdef __cplusplus
|      extern "C"
| #  endif
|    int F77_DUMMY_MAIN() { return 1; }
| 
| #endif
| int
| main (void)
| {
| return dsyev__ ();
|   ;
|   return 0;
| }
configure:23272: gcc -o conftest -O2 -DNDEBUG    conftest.c -lmkl_intel_lp64 -lmkl_sequential -lmkl_core -lm  >&5
ld: library not found for -lmkl_intel_lp64
clang: error: linker command failed with exit code 1 (use -v to see invocation)
configure:23272: $? = 1
configure: failed program was:
| /* confdefs.h */
| #define PACKAGE_NAME "Ipopt"
| #define PACKAGE_TARNAME "ipopt"
| #define PACKAGE_VERSION "3.14.5"
| #define PACKAGE_STRING "Ipopt 3.14.5"
| #define PACKAGE_BUGREPORT "https://github.com/coin-or/Ipopt/issues/new"
| #define PACKAGE_URL "https://github.com/coin-or/Ipopt"
| #define IPOPT_VERSION "3.14.5"
| #define IPOPT_VERSION_MAJOR 3
| #define IPOPT_VERSION_MINOR 14
| #define IPOPT_VERSION_RELEASE 5
| #define F77_FUNC(name,NAME) name ## _
| #define F77_FUNC_(name,NAME) name ## _
| #define HAVE_STDIO_H 1
| #define HAVE_STDLIB_H 1
| #define HAVE_STRING_H 1
| #define HAVE_INTTYPES_H 1
| #define HAVE_STDINT_H 1
| #define HAVE_STRINGS_H 1
| #define HAVE_SYS_STAT_H 1
| #define HAVE_SYS_TYPES_H 1
| #define HAVE_UNISTD_H 1
| #define STDC_HEADERS 1
| #define HAVE_DLFCN_H 1
| #define LT_OBJDIR ".libs/"
| #define IPOPT_VERBOSITY 0
| #define IPOPT_CHECKLEVEL 0
| /* end confdefs.h.  */
| 
| /* Override any GCC internal prototype to avoid an error.
|    Use char because int might match the return type of a GCC
|    builtin and then its argument prototype would still apply.  */
| char dsyev_ ();
| #ifdef F77_DUMMY_MAIN
| 
| #  ifdef __cplusplus
|      extern "C"
| #  endif
|    int F77_DUMMY_MAIN() { return 1; }
| 
| #endif
| int
| main (void)
| {
| return dsyev_ ();
|   ;
|   return 0;
| }
configure:23272: gcc -o conftest -O2 -DNDEBUG    conftest.c -lmkl_intel_lp64 -lmkl_sequential -lmkl_core -lm  >&5
ld: library not found for -lmkl_intel_lp64
clang: error: linker command failed with exit code 1 (use -v to see invocation)
configure:23272: $? = 1
configure: failed program was:
| /* confdefs.h */
| #define PACKAGE_NAME "Ipopt"
| #define PACKAGE_TARNAME "ipopt"
| #define PACKAGE_VERSION "3.14.5"
| #define PACKAGE_STRING "Ipopt 3.14.5"
| #define PACKAGE_BUGREPORT "https://github.com/coin-or/Ipopt/issues/new"
| #define PACKAGE_URL "https://github.com/coin-or/Ipopt"
| #define IPOPT_VERSION "3.14.5"
| #define IPOPT_VERSION_MAJOR 3
| #define IPOPT_VERSION_MINOR 14
| #define IPOPT_VERSION_RELEASE 5
| #define F77_FUNC(name,NAME) name ## _
| #define F77_FUNC_(name,NAME) name ## _
| #define HAVE_STDIO_H 1
| #define HAVE_STDLIB_H 1
| #define HAVE_STRING_H 1
| #define HAVE_INTTYPES_H 1
| #define HAVE_STDINT_H 1
| #define HAVE_STRINGS_H 1
| #define HAVE_SYS_STAT_H 1
| #define HAVE_SYS_TYPES_H 1
| #define HAVE_UNISTD_H 1
| #define STDC_HEADERS 1
| #define HAVE_DLFCN_H 1
| #define LT_OBJDIR ".libs/"
| #define IPOPT_VERBOSITY 0
| #define IPOPT_CHECKLEVEL 0
| /* end confdefs.h.  */
| 
| /* Override any GCC internal prototype to avoid an error.
|    Use char because int might match the return type of a GCC
|    builtin and then its argument prototype would still apply.  */
| char DSYEV__ ();
| #ifdef F77_DUMMY_MAIN
| 
| #  ifdef __cplusplus
|      extern "C"
| #  endif
|    int F77_DUMMY_MAIN() { return 1; }
| 
| #endif
| int
| main (void)
| {
| return DSYEV__ ();
|   ;
|   return 0;
| }
configure:23272: gcc -o conftest -O2 -DNDEBUG    conftest.c -lmkl_intel_lp64 -lmkl_sequential -lmkl_core -lm  >&5
ld: library not found for -lmkl_intel_lp64
clang: error: linker command failed with exit code 1 (use -v to see invocation)
configure:23272: $? = 1
configure: failed program was:
| /* confdefs.h */
| #define PACKAGE_NAME "Ipopt"
| #define PACKAGE_TARNAME "ipopt"
| #define PACKAGE_VERSION "3.14.5"
| #define PACKAGE_STRING "Ipopt 3.14.5"
| #define PACKAGE_BUGREPORT "https://github.com/coin-or/Ipopt/issues/new"
| #define PACKAGE_URL "https://github.com/coin-or/Ipopt"
| #define IPOPT_VERSION "3.14.5"
| #define IPOPT_VERSION_MAJOR 3
| #define IPOPT_VERSION_MINOR 14
| #define IPOPT_VERSION_RELEASE 5
| #define F77_FUNC(name,NAME) name ## _
| #define F77_FUNC_(name,NAME) name ## _
| #define HAVE_STDIO_H 1
| #define HAVE_STDLIB_H 1
| #define HAVE_STRING_H 1
| #define HAVE_INTTYPES_H 1
| #define HAVE_STDINT_H 1
| #define HAVE_STRINGS_H 1
| #define HAVE_SYS_STAT_H 1
| #define HAVE_SYS_TYPES_H 1
| #define HAVE_UNISTD_H 1
| #define STDC_HEADERS 1
| #define HAVE_DLFCN_H 1
| #define LT_OBJDIR ".libs/"
| #define IPOPT_VERBOSITY 0
| #define IPOPT_CHECKLEVEL 0
| /* end confdefs.h.  */
| 
| /* Override any GCC internal prototype to avoid an error.
|    Use char because int might match the return type of a GCC
|    builtin and then its argument prototype would still apply.  */
| char DSYEV_ ();
| #ifdef F77_DUMMY_MAIN
| 
| #  ifdef __cplusplus
|      extern "C"
| #  endif
|    int F77_DUMMY_MAIN() { return 1; }
| 
| #endif
| int
| main (void)
| {
| return DSYEV_ ();
|   ;
|   return 0;
| }
configure:23349: gcc -o conftest -O2 -DNDEBUG    conftest.c -framework Accelerate  >&5
configure:23349: $? = 0
configure:23569: result: yes: Accelerate framework (-framework Accelerate)
configure:23671: checking for package ASL
configure:23874: result: no
configure:23934: checking for package Mumps
configure:24134: result: no
configure:24172: checking for MPI_Initialized
configure:24172: gcc -o conftest -O2 -DNDEBUG    conftest.c  >&5
Undefined symbols for architecture arm64:
  "_MPI_Initialized", referenced from:
      _main in conftest-ab42d0.o
ld: symbol(s) not found for architecture arm64
clang: error: linker command failed with exit code 1 (use -v to see invocation)
configure:24172: $? = 1
configure: failed program was:
| /* confdefs.h */
| #define PACKAGE_NAME "Ipopt"
| #define PACKAGE_TARNAME "ipopt"
| #define PACKAGE_VERSION "3.14.5"
| #define PACKAGE_STRING "Ipopt 3.14.5"
| #define PACKAGE_BUGREPORT "https://github.com/coin-or/Ipopt/issues/new"
| #define PACKAGE_URL "https://github.com/coin-or/Ipopt"
| #define IPOPT_VERSION "3.14.5"
| #define IPOPT_VERSION_MAJOR 3
| #define IPOPT_VERSION_MINOR 14
| #define IPOPT_VERSION_RELEASE 5
| #define F77_FUNC(name,NAME) name ## _
| #define F77_FUNC_(name,NAME) name ## _
| #define HAVE_STDIO_H 1
| #define HAVE_STDLIB_H 1
| #define HAVE_STRING_H 1
| #define HAVE_INTTYPES_H 1
| #define HAVE_STDINT_H 1
| #define HAVE_STRINGS_H 1
| #define HAVE_SYS_STAT_H 1
| #define HAVE_SYS_TYPES_H 1
| #define HAVE_UNISTD_H 1
| #define STDC_HEADERS 1
| #define HAVE_DLFCN_H 1
| #define LT_OBJDIR ".libs/"
| #define IPOPT_VERBOSITY 0
| #define IPOPT_CHECKLEVEL 0
| #define IPOPT_HAS_LAPACK 1
| #define IPOPT_LAPACK_FUNC(name,NAME) name ## _
| #define IPOPT_LAPACK_FUNC_(name,NAME) name ## _
| /* end confdefs.h.  */
| /* Define MPI_Initialized to an innocuous variant, in case <limits.h> declares MPI_Initialized.
|    For example, HP-UX 11i <limits.h> declares gettimeofday.  */
| #define MPI_Initialized innocuous_MPI_Initialized
| 
| /* System header to define __stub macros and hopefully few prototypes,
|    which can conflict with char MPI_Initialized (); below.  */
| 
| #include <limits.h>
| #undef MPI_Initialized
| 
| /* Override any GCC internal prototype to avoid an error.
|    Use char because int might match the return type of a GCC
|    builtin and then its argument prototype would still apply.  */
| #ifdef __cplusplus
| extern "C"
| #endif
| char MPI_Initialized ();
| /* The GNU C library defines this for functions which it implements
|     to always fail with ENOSYS.  Some functions are actually named
|     something starting with __ and the normal name is an alias.  */
| #if defined __stub_MPI_Initialized || defined __stub___MPI_Initialized
| choke me
| #endif
| 
| #ifdef F77_DUMMY_MAIN
| 
| #  ifdef __cplusplus
|      extern "C"
| #  endif
|    int F77_DUMMY_MAIN() { return 1; }
| 
| #endif
| int
| main (void)
| {
| return MPI_Initialized ();
|   ;
|   return 0;
| }
configure:24172: result: no
configure:24211: checking for package HSL
configure:24414: result: no
configure:24893: checking for function pardiso_ in -framework Accelerate 
configure:24918: gcc -o conftest -O2 -DNDEBUG    conftest.c -framework Accelerate  >&5
Undefined symbols for architecture arm64:
  "_pardiso_", referenced from:
      _main in conftest-95ea37.o
ld: symbol(s) not found for architecture arm64
clang: error: linker command failed with exit code 1 (use -v to see invocation)
configure:24918: $? = 1
configure: failed program was:
| /* confdefs.h */
| #define PACKAGE_NAME "Ipopt"
| #define PACKAGE_TARNAME "ipopt"
| #define PACKAGE_VERSION "3.14.5"
| #define PACKAGE_STRING "Ipopt 3.14.5"
| #define PACKAGE_BUGREPORT "https://github.com/coin-or/Ipopt/issues/new"
| #define PACKAGE_URL "https://github.com/coin-or/Ipopt"
| #define IPOPT_VERSION "3.14.5"
| #define IPOPT_VERSION_MAJOR 3
| #define IPOPT_VERSION_MINOR 14
| #define IPOPT_VERSION_RELEASE 5
| #define F77_FUNC(name,NAME) name ## _
| #define F77_FUNC_(name,NAME) name ## _
| #define HAVE_STDIO_H 1
| #define HAVE_STDLIB_H 1
| #define HAVE_STRING_H 1
| #define HAVE_INTTYPES_H 1
| #define HAVE_STDINT_H 1
| #define HAVE_STRINGS_H 1
| #define HAVE_SYS_STAT_H 1
| #define HAVE_SYS_TYPES_H 1
| #define HAVE_UNISTD_H 1
| #define STDC_HEADERS 1
| #define HAVE_DLFCN_H 1
| #define LT_OBJDIR ".libs/"
| #define IPOPT_VERBOSITY 0
| #define IPOPT_CHECKLEVEL 0
| #define IPOPT_HAS_LAPACK 1
| #define IPOPT_LAPACK_FUNC(name,NAME) name ## _
| #define IPOPT_LAPACK_FUNC_(name,NAME) name ## _
| #define IPOPT_MPIINIT 1
| /* end confdefs.h.  */
| 
| /* Override any GCC internal prototype to avoid an error.
|    Use char because int might match the return type of a GCC
|    builtin and then its argument prototype would still apply.  */
| char pardiso_ ();
| #ifdef F77_DUMMY_MAIN
| 
| #  ifdef __cplusplus
|      extern "C"
| #  endif
|    int F77_DUMMY_MAIN() { return 1; }
| 
| #endif
| int
| main (void)
| {
| return pardiso_ ();
|   ;
|   return 0;
| }
configure:24927: result: no
configure:24893: checking for function pardiso in -framework Accelerate 
configure:24918: gcc -o conftest -O2 -DNDEBUG    conftest.c -framework Accelerate  >&5
Undefined symbols for architecture arm64:
  "_pardiso", referenced from:
      _main in conftest-f15e73.o
ld: symbol(s) not found for architecture arm64
clang: error: linker command failed with exit code 1 (use -v to see invocation)
configure:24918: $? = 1
configure: failed program was:
| /* confdefs.h */
| #define PACKAGE_NAME "Ipopt"
| #define PACKAGE_TARNAME "ipopt"
| #define PACKAGE_VERSION "3.14.5"
| #define PACKAGE_STRING "Ipopt 3.14.5"
| #define PACKAGE_BUGREPORT "https://github.com/coin-or/Ipopt/issues/new"
| #define PACKAGE_URL "https://github.com/coin-or/Ipopt"
| #define IPOPT_VERSION "3.14.5"
| #define IPOPT_VERSION_MAJOR 3
| #define IPOPT_VERSION_MINOR 14
| #define IPOPT_VERSION_RELEASE 5
| #define F77_FUNC(name,NAME) name ## _
| #define F77_FUNC_(name,NAME) name ## _
| #define HAVE_STDIO_H 1
| #define HAVE_STDLIB_H 1
| #define HAVE_STRING_H 1
| #define HAVE_INTTYPES_H 1
| #define HAVE_STDINT_H 1
| #define HAVE_STRINGS_H 1
| #define HAVE_SYS_STAT_H 1
| #define HAVE_SYS_TYPES_H 1
| #define HAVE_UNISTD_H 1
| #define STDC_HEADERS 1
| #define HAVE_DLFCN_H 1
| #define LT_OBJDIR ".libs/"
| #define IPOPT_VERBOSITY 0
| #define IPOPT_CHECKLEVEL 0
| #define IPOPT_HAS_LAPACK 1
| #define IPOPT_LAPACK_FUNC(name,NAME) name ## _
| #define IPOPT_LAPACK_FUNC_(name,NAME) name ## _
| #define IPOPT_MPIINIT 1
| /* end confdefs.h.  */
| 
| /* Override any GCC internal prototype to avoid an error.
|    Use char because int might match the return type of a GCC
|    builtin and then its argument prototype would still apply.  */
| char pardiso ();
| #ifdef F77_DUMMY_MAIN
| 
| #  ifdef __cplusplus
|      extern "C"
| #  endif
|    int F77_DUMMY_MAIN() { return 1; }
| 
| #endif
| int
| main (void)
| {
| return pardiso ();
|   ;
|   return 0;
| }
configure:24927: result: no
configure:24893: checking for function PARDISO_ in -framework Accelerate 
configure:24918: gcc -o conftest -O2 -DNDEBUG    conftest.c -framework Accelerate  >&5
Undefined symbols for architecture arm64:
  "_PARDISO_", referenced from:
      _main in conftest-045b6a.o
ld: symbol(s) not found for architecture arm64
clang: error: linker command failed with exit code 1 (use -v to see invocation)
configure:24918: $? = 1
configure: failed program was:
| /* confdefs.h */
| #define PACKAGE_NAME "Ipopt"
| #define PACKAGE_TARNAME "ipopt"
| #define PACKAGE_VERSION "3.14.5"
| #define PACKAGE_STRING "Ipopt 3.14.5"
| #define PACKAGE_BUGREPORT "https://github.com/coin-or/Ipopt/issues/new"
| #define PACKAGE_URL "https://github.com/coin-or/Ipopt"
| #define IPOPT_VERSION "3.14.5"
| #define IPOPT_VERSION_MAJOR 3
| #define IPOPT_VERSION_MINOR 14
| #define IPOPT_VERSION_RELEASE 5
| #define F77_FUNC(name,NAME) name ## _
| #define F77_FUNC_(name,NAME) name ## _
| #define HAVE_STDIO_H 1
| #define HAVE_STDLIB_H 1
| #define HAVE_STRING_H 1
| #define HAVE_INTTYPES_H 1
| #define HAVE_STDINT_H 1
| #define HAVE_STRINGS_H 1
| #define HAVE_SYS_STAT_H 1
| #define HAVE_SYS_TYPES_H 1
| #define HAVE_UNISTD_H 1
| #define STDC_HEADERS 1
| #define HAVE_DLFCN_H 1
| #define LT_OBJDIR ".libs/"
| #define IPOPT_VERBOSITY 0
| #define IPOPT_CHECKLEVEL 0
| #define IPOPT_HAS_LAPACK 1
| #define IPOPT_LAPACK_FUNC(name,NAME) name ## _
| #define IPOPT_LAPACK_FUNC_(name,NAME) name ## _
| #define IPOPT_MPIINIT 1
| /* end confdefs.h.  */
| 
| /* Override any GCC internal prototype to avoid an error.
|    Use char because int might match the return type of a GCC
|    builtin and then its argument prototype would still apply.  */
| char PARDISO_ ();
| #ifdef F77_DUMMY_MAIN
| 
| #  ifdef __cplusplus
|      extern "C"
| #  endif
|    int F77_DUMMY_MAIN() { return 1; }
| 
| #endif
| int
| main (void)
| {
| return PARDISO_ ();
|   ;
|   return 0;
| }
configure:24927: result: no
configure:24893: checking for function PARDISO in -framework Accelerate 
configure:24918: gcc -o conftest -O2 -DNDEBUG    conftest.c -framework Accelerate  >&5
Undefined symbols for architecture arm64:
  "_PARDISO", referenced from:
      _main in conftest-107525.o
ld: symbol(s) not found for architecture arm64
clang: error: linker command failed with exit code 1 (use -v to see invocation)
configure:24918: $? = 1
configure: failed program was:
| /* confdefs.h */
| #define PACKAGE_NAME "Ipopt"
| #define PACKAGE_TARNAME "ipopt"
| #define PACKAGE_VERSION "3.14.5"
| #define PACKAGE_STRING "Ipopt 3.14.5"
| #define PACKAGE_BUGREPORT "https://github.com/coin-or/Ipopt/issues/new"
| #define PACKAGE_URL "https://github.com/coin-or/Ipopt"
| #define IPOPT_VERSION "3.14.5"
| #define IPOPT_VERSION_MAJOR 3
| #define IPOPT_VERSION_MINOR 14
| #define IPOPT_VERSION_RELEASE 5
| #define F77_FUNC(name,NAME) name ## _
| #define F77_FUNC_(name,NAME) name ## _
| #define HAVE_STDIO_H 1
| #define HAVE_STDLIB_H 1
| #define HAVE_STRING_H 1
| #define HAVE_INTTYPES_H 1
| #define HAVE_STDINT_H 1
| #define HAVE_STRINGS_H 1
| #define HAVE_SYS_STAT_H 1
| #define HAVE_SYS_TYPES_H 1
| #define HAVE_UNISTD_H 1
| #define STDC_HEADERS 1
| #define HAVE_DLFCN_H 1
| #define LT_OBJDIR ".libs/"
| #define IPOPT_VERBOSITY 0
| #define IPOPT_CHECKLEVEL 0
| #define IPOPT_HAS_LAPACK 1
| #define IPOPT_LAPACK_FUNC(name,NAME) name ## _
| #define IPOPT_LAPACK_FUNC_(name,NAME) name ## _
| #define IPOPT_MPIINIT 1
| /* end confdefs.h.  */
| 
| /* Override any GCC internal prototype to avoid an error.
|    Use char because int might match the return type of a GCC
|    builtin and then its argument prototype would still apply.  */
| char PARDISO ();
| #ifdef F77_DUMMY_MAIN
| 
| #  ifdef __cplusplus
|      extern "C"
| #  endif
|    int F77_DUMMY_MAIN() { return 1; }
| 
| #endif
| int
| main (void)
| {
| return PARDISO ();
|   ;
|   return 0;
| }
configure:24927: result: no
configure:24893: checking for function pardiso__ in -framework Accelerate 
configure:24918: gcc -o conftest -O2 -DNDEBUG    conftest.c -framework Accelerate  >&5
Undefined symbols for architecture arm64:
  "_pardiso__", referenced from:
      _main in conftest-a48d37.o
ld: symbol(s) not found for architecture arm64
clang: error: linker command failed with exit code 1 (use -v to see invocation)
configure:24918: $? = 1
configure: failed program was:
| /* confdefs.h */
| #define PACKAGE_NAME "Ipopt"
| #define PACKAGE_TARNAME "ipopt"
| #define PACKAGE_VERSION "3.14.5"
| #define PACKAGE_STRING "Ipopt 3.14.5"
| #define PACKAGE_BUGREPORT "https://github.com/coin-or/Ipopt/issues/new"
| #define PACKAGE_URL "https://github.com/coin-or/Ipopt"
| #define IPOPT_VERSION "3.14.5"
| #define IPOPT_VERSION_MAJOR 3
| #define IPOPT_VERSION_MINOR 14
| #define IPOPT_VERSION_RELEASE 5
| #define F77_FUNC(name,NAME) name ## _
| #define F77_FUNC_(name,NAME) name ## _
| #define HAVE_STDIO_H 1
| #define HAVE_STDLIB_H 1
| #define HAVE_STRING_H 1
| #define HAVE_INTTYPES_H 1
| #define HAVE_STDINT_H 1
| #define HAVE_STRINGS_H 1
| #define HAVE_SYS_STAT_H 1
| #define HAVE_SYS_TYPES_H 1
| #define HAVE_UNISTD_H 1
| #define STDC_HEADERS 1
| #define HAVE_DLFCN_H 1
| #define LT_OBJDIR ".libs/"
| #define IPOPT_VERBOSITY 0
| #define IPOPT_CHECKLEVEL 0
| #define IPOPT_HAS_LAPACK 1
| #define IPOPT_LAPACK_FUNC(name,NAME) name ## _
| #define IPOPT_LAPACK_FUNC_(name,NAME) name ## _
| #define IPOPT_MPIINIT 1
| /* end confdefs.h.  */
| 
| /* Override any GCC internal prototype to avoid an error.
|    Use char because int might match the return type of a GCC
|    builtin and then its argument prototype would still apply.  */
| char pardiso__ ();
| #ifdef F77_DUMMY_MAIN
| 
| #  ifdef __cplusplus
|      extern "C"
| #  endif
|    int F77_DUMMY_MAIN() { return 1; }
| 
| #endif
| int
| main (void)
| {
| return pardiso__ ();
|   ;
|   return 0;
| }
configure:24927: result: no
configure:24893: checking for function pardiso_ in -framework Accelerate 
configure:24918: gcc -o conftest -O2 -DNDEBUG    conftest.c -framework Accelerate  >&5
Undefined symbols for architecture arm64:
  "_pardiso_", referenced from:
      _main in conftest-6425b6.o
ld: symbol(s) not found for architecture arm64
clang: error: linker command failed with exit code 1 (use -v to see invocation)
configure:24918: $? = 1
configure: failed program was:
| /* confdefs.h */
| #define PACKAGE_NAME "Ipopt"
| #define PACKAGE_TARNAME "ipopt"
| #define PACKAGE_VERSION "3.14.5"
| #define PACKAGE_STRING "Ipopt 3.14.5"
| #define PACKAGE_BUGREPORT "https://github.com/coin-or/Ipopt/issues/new"
| #define PACKAGE_URL "https://github.com/coin-or/Ipopt"
| #define IPOPT_VERSION "3.14.5"
| #define IPOPT_VERSION_MAJOR 3
| #define IPOPT_VERSION_MINOR 14
| #define IPOPT_VERSION_RELEASE 5
| #define F77_FUNC(name,NAME) name ## _
| #define F77_FUNC_(name,NAME) name ## _
| #define HAVE_STDIO_H 1
| #define HAVE_STDLIB_H 1
| #define HAVE_STRING_H 1
| #define HAVE_INTTYPES_H 1
| #define HAVE_STDINT_H 1
| #define HAVE_STRINGS_H 1
| #define HAVE_SYS_STAT_H 1
| #define HAVE_SYS_TYPES_H 1
| #define HAVE_UNISTD_H 1
| #define STDC_HEADERS 1
| #define HAVE_DLFCN_H 1
| #define LT_OBJDIR ".libs/"
| #define IPOPT_VERBOSITY 0
| #define IPOPT_CHECKLEVEL 0
| #define IPOPT_HAS_LAPACK 1
| #define IPOPT_LAPACK_FUNC(name,NAME) name ## _
| #define IPOPT_LAPACK_FUNC_(name,NAME) name ## _
| #define IPOPT_MPIINIT 1
| /* end confdefs.h.  */
| 
| /* Override any GCC internal prototype to avoid an error.
|    Use char because int might match the return type of a GCC
|    builtin and then its argument prototype would still apply.  */
| char pardiso_ ();
| #ifdef F77_DUMMY_MAIN
| 
| #  ifdef __cplusplus
|      extern "C"
| #  endif
|    int F77_DUMMY_MAIN() { return 1; }
| 
| #endif
| int
| main (void)
| {
| return pardiso_ ();
|   ;
|   return 0;
| }
configure:24927: result: no
configure:24893: checking for function PARDISO__ in -framework Accelerate 
configure:24918: gcc -o conftest -O2 -DNDEBUG    conftest.c -framework Accelerate  >&5
Undefined symbols for architecture arm64:
  "_PARDISO__", referenced from:
      _main in conftest-8f46ef.o
ld: symbol(s) not found for architecture arm64
clang: error: linker command failed with exit code 1 (use -v to see invocation)
configure:24918: $? = 1
configure: failed program was:
| /* confdefs.h */
| #define PACKAGE_NAME "Ipopt"
| #define PACKAGE_TARNAME "ipopt"
| #define PACKAGE_VERSION "3.14.5"
| #define PACKAGE_STRING "Ipopt 3.14.5"
| #define PACKAGE_BUGREPORT "https://github.com/coin-or/Ipopt/issues/new"
| #define PACKAGE_URL "https://github.com/coin-or/Ipopt"
| #define IPOPT_VERSION "3.14.5"
| #define IPOPT_VERSION_MAJOR 3
| #define IPOPT_VERSION_MINOR 14
| #define IPOPT_VERSION_RELEASE 5
| #define F77_FUNC(name,NAME) name ## _
| #define F77_FUNC_(name,NAME) name ## _
| #define HAVE_STDIO_H 1
| #define HAVE_STDLIB_H 1
| #define HAVE_STRING_H 1
| #define HAVE_INTTYPES_H 1
| #define HAVE_STDINT_H 1
| #define HAVE_STRINGS_H 1
| #define HAVE_SYS_STAT_H 1
| #define HAVE_SYS_TYPES_H 1
| #define HAVE_UNISTD_H 1
| #define STDC_HEADERS 1
| #define HAVE_DLFCN_H 1
| #define LT_OBJDIR ".libs/"
| #define IPOPT_VERBOSITY 0
| #define IPOPT_CHECKLEVEL 0
| #define IPOPT_HAS_LAPACK 1
| #define IPOPT_LAPACK_FUNC(name,NAME) name ## _
| #define IPOPT_LAPACK_FUNC_(name,NAME) name ## _
| #define IPOPT_MPIINIT 1
| /* end confdefs.h.  */
| 
| /* Override any GCC internal prototype to avoid an error.
|    Use char because int might match the return type of a GCC
|    builtin and then its argument prototype would still apply.  */
| char PARDISO__ ();
| #ifdef F77_DUMMY_MAIN
| 
| #  ifdef __cplusplus
|      extern "C"
| #  endif
|    int F77_DUMMY_MAIN() { return 1; }
| 
| #endif
| int
| main (void)
| {
| return PARDISO__ ();
|   ;
|   return 0;
| }
configure:24927: result: no
configure:24893: checking for function PARDISO_ in -framework Accelerate 
configure:24918: gcc -o conftest -O2 -DNDEBUG    conftest.c -framework Accelerate  >&5
Undefined symbols for architecture arm64:
  "_PARDISO_", referenced from:
      _main in conftest-69b491.o
ld: symbol(s) not found for architecture arm64
clang: error: linker command failed with exit code 1 (use -v to see invocation)
configure:24918: $? = 1
configure: failed program was:
| /* confdefs.h */
| #define PACKAGE_NAME "Ipopt"
| #define PACKAGE_TARNAME "ipopt"
| #define PACKAGE_VERSION "3.14.5"
| #define PACKAGE_STRING "Ipopt 3.14.5"
| #define PACKAGE_BUGREPORT "https://github.com/coin-or/Ipopt/issues/new"
| #define PACKAGE_URL "https://github.com/coin-or/Ipopt"
| #define IPOPT_VERSION "3.14.5"
| #define IPOPT_VERSION_MAJOR 3
| #define IPOPT_VERSION_MINOR 14
| #define IPOPT_VERSION_RELEASE 5
| #define F77_FUNC(name,NAME) name ## _
| #define F77_FUNC_(name,NAME) name ## _
| #define HAVE_STDIO_H 1
| #define HAVE_STDLIB_H 1
| #define HAVE_STRING_H 1
| #define HAVE_INTTYPES_H 1
| #define HAVE_STDINT_H 1
| #define HAVE_STRINGS_H 1
| #define HAVE_SYS_STAT_H 1
| #define HAVE_SYS_TYPES_H 1
| #define HAVE_UNISTD_H 1
| #define STDC_HEADERS 1
| #define HAVE_DLFCN_H 1
| #define LT_OBJDIR ".libs/"
| #define IPOPT_VERBOSITY 0
| #define IPOPT_CHECKLEVEL 0
| #define IPOPT_HAS_LAPACK 1
| #define IPOPT_LAPACK_FUNC(name,NAME) name ## _
| #define IPOPT_LAPACK_FUNC_(name,NAME) name ## _
| #define IPOPT_MPIINIT 1
| /* end confdefs.h.  */
| 
| /* Override any GCC internal prototype to avoid an error.
|    Use char because int might match the return type of a GCC
|    builtin and then its argument prototype would still apply.  */
| char PARDISO_ ();
| #ifdef F77_DUMMY_MAIN
| 
| #  ifdef __cplusplus
|      extern "C"
| #  endif
|    int F77_DUMMY_MAIN() { return 1; }
| 
| #endif
| int
| main (void)
| {
| return PARDISO_ ();
|   ;
|   return 0;
| }
configure:24927: result: no
configure:24974: checking for library Spral with combined link and compile check
configure:25185: result: skipping (default)
configure:25426: checking size of int *
configure:25432: gcc -o conftest -O2 -DNDEBUG    conftest.c  >&5
configure:25432: $? = 0
configure:25432: ./conftest
configure:25432: $? = 0
configure:25447: result: 8
configure:25495: checking for cmath
configure:25495: g++ -c -O2 -DNDEBUG   conftest.cpp >&5
configure:25495: $? = 0
configure:25495: result: yes
configure:25508: checking for cfloat
configure:25508: g++ -c -O2 -DNDEBUG   conftest.cpp >&5
configure:25508: $? = 0
configure:25508: result: yes
configure:25521: checking for cieeefp
configure:25521: g++ -c -O2 -DNDEBUG   conftest.cpp >&5
conftest.cpp:64:10: fatal error: 'cieeefp' file not found
#include <cieeefp>
         ^~~~~~~~~
1 error generated.
configure:25521: $? = 1
configure: failed program was:
| /* confdefs.h */
| #define PACKAGE_NAME "Ipopt"
| #define PACKAGE_TARNAME "ipopt"
| #define PACKAGE_VERSION "3.14.5"
| #define PACKAGE_STRING "Ipopt 3.14.5"
| #define PACKAGE_BUGREPORT "https://github.com/coin-or/Ipopt/issues/new"
| #define PACKAGE_URL "https://github.com/coin-or/Ipopt"
| #define IPOPT_VERSION "3.14.5"
| #define IPOPT_VERSION_MAJOR 3
| #define IPOPT_VERSION_MINOR 14
| #define IPOPT_VERSION_RELEASE 5
| #define F77_FUNC(name,NAME) name ## _
| #define F77_FUNC_(name,NAME) name ## _
| #define HAVE_STDIO_H 1
| #define HAVE_STDLIB_H 1
| #define HAVE_STRING_H 1
| #define HAVE_INTTYPES_H 1
| #define HAVE_STDINT_H 1
| #define HAVE_STRINGS_H 1
| #define HAVE_SYS_STAT_H 1
| #define HAVE_SYS_TYPES_H 1
| #define HAVE_UNISTD_H 1
| #define STDC_HEADERS 1
| #define HAVE_DLFCN_H 1
| #define LT_OBJDIR ".libs/"
| #define IPOPT_VERBOSITY 0
| #define IPOPT_CHECKLEVEL 0
| #define IPOPT_HAS_LAPACK 1
| #define IPOPT_LAPACK_FUNC(name,NAME) name ## _
| #define IPOPT_LAPACK_FUNC_(name,NAME) name ## _
| #define IPOPT_MPIINIT 1
| #define SIZEOF_INT_P 8
| #define HAVE_CMATH 1
| #define HAVE_CFLOAT 1
| /* end confdefs.h.  */
| #include <stddef.h>
| #ifdef HAVE_STDIO_H
| # include <stdio.h>
| #endif
| #ifdef HAVE_STDLIB_H
| # include <stdlib.h>
| #endif
| #ifdef HAVE_STRING_H
| # include <string.h>
| #endif
| #ifdef HAVE_INTTYPES_H
| # include <inttypes.h>
| #endif
| #ifdef HAVE_STDINT_H
| # include <stdint.h>
| #endif
| #ifdef HAVE_STRINGS_H
| # include <strings.h>
| #endif
| #ifdef HAVE_SYS_TYPES_H
| # include <sys/types.h>
| #endif
| #ifdef HAVE_SYS_STAT_H
| # include <sys/stat.h>
| #endif
| #ifdef HAVE_UNISTD_H
| # include <unistd.h>
| #endif
| #include <cieeefp>
configure:25521: result: no
configure:25521: checking for ieeefp.h
configure:25521: g++ -c -O2 -DNDEBUG   conftest.cpp >&5
conftest.cpp:64:10: fatal error: 'ieeefp.h' file not found
#include <ieeefp.h>
         ^~~~~~~~~~
1 error generated.
configure:25521: $? = 1
configure: failed program was:
| /* confdefs.h */
| #define PACKAGE_NAME "Ipopt"
| #define PACKAGE_TARNAME "ipopt"
| #define PACKAGE_VERSION "3.14.5"
| #define PACKAGE_STRING "Ipopt 3.14.5"
| #define PACKAGE_BUGREPORT "https://github.com/coin-or/Ipopt/issues/new"
| #define PACKAGE_URL "https://github.com/coin-or/Ipopt"
| #define IPOPT_VERSION "3.14.5"
| #define IPOPT_VERSION_MAJOR 3
| #define IPOPT_VERSION_MINOR 14
| #define IPOPT_VERSION_RELEASE 5
| #define F77_FUNC(name,NAME) name ## _
| #define F77_FUNC_(name,NAME) name ## _
| #define HAVE_STDIO_H 1
| #define HAVE_STDLIB_H 1
| #define HAVE_STRING_H 1
| #define HAVE_INTTYPES_H 1
| #define HAVE_STDINT_H 1
| #define HAVE_STRINGS_H 1
| #define HAVE_SYS_STAT_H 1
| #define HAVE_SYS_TYPES_H 1
| #define HAVE_UNISTD_H 1
| #define STDC_HEADERS 1
| #define HAVE_DLFCN_H 1
| #define LT_OBJDIR ".libs/"
| #define IPOPT_VERBOSITY 0
| #define IPOPT_CHECKLEVEL 0
| #define IPOPT_HAS_LAPACK 1
| #define IPOPT_LAPACK_FUNC(name,NAME) name ## _
| #define IPOPT_LAPACK_FUNC_(name,NAME) name ## _
| #define IPOPT_MPIINIT 1
| #define SIZEOF_INT_P 8
| #define HAVE_CMATH 1
| #define HAVE_CFLOAT 1
| /* end confdefs.h.  */
| #include <stddef.h>
| #ifdef HAVE_STDIO_H
| # include <stdio.h>
| #endif
| #ifdef HAVE_STDLIB_H
| # include <stdlib.h>
| #endif
| #ifdef HAVE_STRING_H
| # include <string.h>
| #endif
| #ifdef HAVE_INTTYPES_H
| # include <inttypes.h>
| #endif
| #ifdef HAVE_STDINT_H
| # include <stdint.h>
| #endif
| #ifdef HAVE_STRINGS_H
| # include <strings.h>
| #endif
| #ifdef HAVE_SYS_TYPES_H
| # include <sys/types.h>
| #endif
| #ifdef HAVE_SYS_STAT_H
| # include <sys/stat.h>
| #endif
| #ifdef HAVE_UNISTD_H
| # include <unistd.h>
| #endif
| #include <ieeefp.h>
configure:25521: result: no
configure:25532: checking for g++ options needed to detect all undeclared functions
configure:25562: g++ -c -O2 -DNDEBUG   conftest.cpp >&5
conftest.cpp:48:8: error: use of undeclared identifier 'strchr'
(void) strchr;
       ^
1 error generated.
configure:25562: $? = 1
configure: failed program was:
| /* confdefs.h */
| #define PACKAGE_NAME "Ipopt"
| #define PACKAGE_TARNAME "ipopt"
| #define PACKAGE_VERSION "3.14.5"
| #define PACKAGE_STRING "Ipopt 3.14.5"
| #define PACKAGE_BUGREPORT "https://github.com/coin-or/Ipopt/issues/new"
| #define PACKAGE_URL "https://github.com/coin-or/Ipopt"
| #define IPOPT_VERSION "3.14.5"
| #define IPOPT_VERSION_MAJOR 3
| #define IPOPT_VERSION_MINOR 14
| #define IPOPT_VERSION_RELEASE 5
| #define F77_FUNC(name,NAME) name ## _
| #define F77_FUNC_(name,NAME) name ## _
| #define HAVE_STDIO_H 1
| #define HAVE_STDLIB_H 1
| #define HAVE_STRING_H 1
| #define HAVE_INTTYPES_H 1
| #define HAVE_STDINT_H 1
| #define HAVE_STRINGS_H 1
| #define HAVE_SYS_STAT_H 1
| #define HAVE_SYS_TYPES_H 1
| #define HAVE_UNISTD_H 1
| #define STDC_HEADERS 1
| #define HAVE_DLFCN_H 1
| #define LT_OBJDIR ".libs/"
| #define IPOPT_VERBOSITY 0
| #define IPOPT_CHECKLEVEL 0
| #define IPOPT_HAS_LAPACK 1
| #define IPOPT_LAPACK_FUNC(name,NAME) name ## _
| #define IPOPT_LAPACK_FUNC_(name,NAME) name ## _
| #define IPOPT_MPIINIT 1
| #define SIZEOF_INT_P 8
| #define HAVE_CMATH 1
| #define HAVE_CFLOAT 1
| /* end confdefs.h.  */
| 
| #ifdef F77_DUMMY_MAIN
| 
| #  ifdef __cplusplus
|      extern "C"
| #  endif
|    int F77_DUMMY_MAIN() { return 1; }
| 
| #endif
| int
| main (void)
| {
| (void) strchr;
|   ;
|   return 0;
| }
configure:25597: g++ -c -O2 -DNDEBUG   conftest.cpp >&5
configure:25597: $? = 0
configure:25614: result: none needed
configure:25636: checking for std::isfinite
configure:25668: g++ -c -O2 -DNDEBUG   conftest.cpp >&5
configure:25668: $? = 0
configure:25671: result: yes
configure:25732: checking whether va_copy is declared
configure:25732: g++ -c -O2 -DNDEBUG    conftest.cpp >&5
configure:25732: $? = 0
configure:25732: result: yes
configure:25744: checking for vsnprintf
configure:25744: g++ -o conftest -O2 -DNDEBUG    conftest.cpp  >&5
configure:25744: $? = 0
configure:25744: result: yes
configure:25759: checking whether drand48 is declared
configure:25759: g++ -c -O2 -DNDEBUG    conftest.cpp >&5
configure:25759: $? = 0
configure:25759: result: yes
configure:25768: checking whether rand is declared
configure:25768: g++ -c -O2 -DNDEBUG    conftest.cpp >&5
configure:25768: $? = 0
configure:25768: result: yes
configure:25780: checking for std::srand
configure:25790: g++ -c -O2 -DNDEBUG   conftest.cpp >&5
configure:25790: $? = 0
configure:25795: result: yes
configure:25809: checking whether feenableexcept is declared
configure:25809: g++ -c -O2 -DNDEBUG    conftest.cpp >&5
conftest.cpp:57:10: error: use of undeclared identifier 'feenableexcept'
  (void) feenableexcept;
         ^
1 error generated.
configure:25809: $? = 1
configure: failed program was:
| /* confdefs.h */
| #define PACKAGE_NAME "Ipopt"
| #define PACKAGE_TARNAME "ipopt"
| #define PACKAGE_VERSION "3.14.5"
| #define PACKAGE_STRING "Ipopt 3.14.5"
| #define PACKAGE_BUGREPORT "https://github.com/coin-or/Ipopt/issues/new"
| #define PACKAGE_URL "https://github.com/coin-or/Ipopt"
| #define IPOPT_VERSION "3.14.5"
| #define IPOPT_VERSION_MAJOR 3
| #define IPOPT_VERSION_MINOR 14
| #define IPOPT_VERSION_RELEASE 5
| #define F77_FUNC(name,NAME) name ## _
| #define F77_FUNC_(name,NAME) name ## _
| #define HAVE_STDIO_H 1
| #define HAVE_STDLIB_H 1
| #define HAVE_STRING_H 1
| #define HAVE_INTTYPES_H 1
| #define HAVE_STDINT_H 1
| #define HAVE_STRINGS_H 1
| #define HAVE_SYS_STAT_H 1
| #define HAVE_SYS_TYPES_H 1
| #define HAVE_UNISTD_H 1
| #define STDC_HEADERS 1
| #define HAVE_DLFCN_H 1
| #define LT_OBJDIR ".libs/"
| #define IPOPT_VERBOSITY 0
| #define IPOPT_CHECKLEVEL 0
| #define IPOPT_HAS_LAPACK 1
| #define IPOPT_LAPACK_FUNC(name,NAME) name ## _
| #define IPOPT_LAPACK_FUNC_(name,NAME) name ## _
| #define IPOPT_MPIINIT 1
| #define SIZEOF_INT_P 8
| #define HAVE_CMATH 1
| #define HAVE_CFLOAT 1
| #define IPOPT_C_FINITE std::isfinite
| #define IPOPT_HAS_VA_COPY 1
| #define HAVE_VSNPRINTF 1
| #define IPOPT_HAS_DRAND48 1
| #define IPOPT_HAS_RAND 1
| #define IPOPT_HAS_STD__RAND 1
| /* end confdefs.h.  */
| #include <cfenv>
| 
| #ifdef F77_DUMMY_MAIN
| 
| #  ifdef __cplusplus
|      extern "C"
| #  endif
|    int F77_DUMMY_MAIN() { return 1; }
| 
| #endif
| int
| main (void)
| {
| #ifndef feenableexcept
| #ifdef __cplusplus
|   (void) feenableexcept;
| #else
|   (void) feenableexcept;
| #endif
| #endif
| 
|   ;
|   return 0;
| }
configure:25809: result: no
configure:26547: checking whether the linear solver loader should be used
configure:26549: result: yes
configure:26563: checking for dlopen in -ldl
configure:26594: gcc -o conftest -O2 -DNDEBUG    conftest.c -ldl   >&5
configure:26594: $? = 0
configure:26604: result: yes
configure:26619: checking for windows.h
configure:26619: gcc -c -O2 -DNDEBUG   conftest.c >&5
conftest.c:71:10: fatal error: 'windows.h' file not found
#include <windows.h>
         ^~~~~~~~~~~
1 error generated.
configure:26619: $? = 1
configure: failed program was:
| /* confdefs.h */
| #define PACKAGE_NAME "Ipopt"
| #define PACKAGE_TARNAME "ipopt"
| #define PACKAGE_VERSION "3.14.5"
| #define PACKAGE_STRING "Ipopt 3.14.5"
| #define PACKAGE_BUGREPORT "https://github.com/coin-or/Ipopt/issues/new"
| #define PACKAGE_URL "https://github.com/coin-or/Ipopt"
| #define IPOPT_VERSION "3.14.5"
| #define IPOPT_VERSION_MAJOR 3
| #define IPOPT_VERSION_MINOR 14
| #define IPOPT_VERSION_RELEASE 5
| #define F77_FUNC(name,NAME) name ## _
| #define F77_FUNC_(name,NAME) name ## _
| #define HAVE_STDIO_H 1
| #define HAVE_STDLIB_H 1
| #define HAVE_STRING_H 1
| #define HAVE_INTTYPES_H 1
| #define HAVE_STDINT_H 1
| #define HAVE_STRINGS_H 1
| #define HAVE_SYS_STAT_H 1
| #define HAVE_SYS_TYPES_H 1
| #define HAVE_UNISTD_H 1
| #define STDC_HEADERS 1
| #define HAVE_DLFCN_H 1
| #define LT_OBJDIR ".libs/"
| #define IPOPT_VERBOSITY 0
| #define IPOPT_CHECKLEVEL 0
| #define IPOPT_HAS_LAPACK 1
| #define IPOPT_LAPACK_FUNC(name,NAME) name ## _
| #define IPOPT_LAPACK_FUNC_(name,NAME) name ## _
| #define IPOPT_MPIINIT 1
| #define SIZEOF_INT_P 8
| #define HAVE_CMATH 1
| #define HAVE_CFLOAT 1
| #define IPOPT_C_FINITE std::isfinite
| #define IPOPT_HAS_VA_COPY 1
| #define HAVE_VSNPRINTF 1
| #define IPOPT_HAS_DRAND48 1
| #define IPOPT_HAS_RAND 1
| #define IPOPT_HAS_STD__RAND 1
| #define IPOPT_HAS_LINEARSOLVERLOADER 1
| /* end confdefs.h.  */
| #include <stddef.h>
| #ifdef HAVE_STDIO_H
| # include <stdio.h>
| #endif
| #ifdef HAVE_STDLIB_H
| # include <stdlib.h>
| #endif
| #ifdef HAVE_STRING_H
| # include <string.h>
| #endif
| #ifdef HAVE_INTTYPES_H
| # include <inttypes.h>
| #endif
| #ifdef HAVE_STDINT_H
| # include <stdint.h>
| #endif
| #ifdef HAVE_STRINGS_H
| # include <strings.h>
| #endif
| #ifdef HAVE_SYS_TYPES_H
| # include <sys/types.h>
| #endif
| #ifdef HAVE_SYS_STAT_H
| # include <sys/stat.h>
| #endif
| #ifdef HAVE_UNISTD_H
| # include <unistd.h>
| #endif
| #include <windows.h>
configure:26619: result: no
configure:27324: checking that generated files are newer than configure
configure:27330: result: done
configure:27445: creating ./config.status

## ---------------------- ##
## Running config.status. ##
## ---------------------- ##

This file was extended by Ipopt config.status 3.14.5, which was
generated by GNU Autoconf 2.71.  Invocation command line was

  CONFIG_FILES    = 
  CONFIG_HEADERS  = 
  CONFIG_LINKS    = 
  CONFIG_COMMANDS = 
  $ ./config.status 

on jintiandeMBP.lan

config.status:1436: creating Makefile
config.status:1436: creating src/ipopt.pc
config.status:1436: creating src/Makefile
config.status:1436: creating src/Apps/AmplSolver/Makefile
config.status:1436: creating src/Apps/AmplSolver/ipoptamplinterface.pc
config.status:1436: creating test/Makefile
config.status:1436: creating test/run_unitTests
config.status:1436: creating doc/Doxyfile
config.status:1436: creating examples/Cpp_example/Makefile
config.status:1436: creating examples/recursive_nlp/Makefile
config.status:1436: creating examples/hs071_cpp/Makefile
config.status:1436: creating examples/hs071_c/Makefile
config.status:1436: creating examples/ScalableProblems/Makefile
config.status:1436: creating tutorial/CodingExercise/C/1-skeleton/Makefile
config.status:1436: creating tutorial/CodingExercise/C/2-mistake/Makefile
config.status:1436: creating tutorial/CodingExercise/C/3-solution/Makefile
config.status:1436: creating tutorial/CodingExercise/Cpp/1-skeleton/Makefile
config.status:1436: creating tutorial/CodingExercise/Cpp/2-mistake/Makefile
config.status:1436: creating tutorial/CodingExercise/Cpp/3-solution/Makefile
config.status:1436: creating tutorial/CodingExercise/Matlab/1-skeleton/startup.m
config.status:1436: creating tutorial/CodingExercise/Matlab/2-mistake/startup.m
config.status:1436: creating tutorial/CodingExercise/Matlab/3-solution/startup.m
config.status:1436: creating examples/hs071_f/Makefile
config.status:1436: creating examples/hs071_f/hs071_f.f
config.status:1436: creating tutorial/CodingExercise/Fortran/1-skeleton/TutorialFortran.f
config.status:1436: creating tutorial/CodingExercise/Fortran/2-mistake/TutorialFortran.f
config.status:1436: creating tutorial/CodingExercise/Fortran/3-solution/TutorialFortran.f
config.status:1436: creating tutorial/CodingExercise/Fortran/1-skeleton/Makefile
config.status:1436: creating tutorial/CodingExercise/Fortran/2-mistake/Makefile
config.status:1436: creating tutorial/CodingExercise/Fortran/3-solution/Makefile
config.status:1436: creating contrib/sIPOPT/Makefile
config.status:1436: creating contrib/sIPOPT/src/Makefile
config.status:1436: creating contrib/sIPOPT/AmplSolver/Makefile
config.status:1436: creating contrib/sIPOPT/examples/parametric_cpp/Makefile
config.status:1436: creating contrib/sIPOPT/examples/parametric_dsdp_cpp/Makefile
config.status:1436: creating contrib/sIPOPT/examples/redhess_cpp/Makefile
config.status:1436: creating contrib/RInterface/src/Makevars
config.status:1436: creating src/Common/config.h
config.status:1436: creating src/Common/config_ipopt.h
config.status:1677: linking examples/hs071_cpp/hs071_main.cpp to test/hs071_main.cpp
config.status:1677: linking examples/hs071_cpp/hs071_nlp.cpp to test/hs071_nlp.cpp
config.status:1677: linking examples/hs071_cpp/hs071_nlp.hpp to test/hs071_nlp.hpp
config.status:1677: linking examples/hs071_c/hs071_c.c to test/hs071_c.c
config.status:1677: linking contrib/sIPOPT/examples/parametric_cpp/parametric_driver.cpp to test/parametric_driver.cpp
config.status:1677: linking contrib/sIPOPT/examples/parametric_cpp/parametricTNLP.cpp to test/parametricTNLP.cpp
config.status:1677: linking contrib/sIPOPT/examples/redhess_cpp/MySensTNLP.cpp to test/MySensTNLP.cpp
config.status:1677: linking contrib/sIPOPT/examples/redhess_cpp/redhess_cpp.cpp to test/redhess_cpp.cpp
config.status:1696: executing depfiles commands
config.status:1773: cd src       && sed -e '/# am--include-marker/d' Makefile         | make -f - am--depfiles
config.status:1778: $? = 0
config.status:1773: cd src/Apps/AmplSolver       && sed -e '/# am--include-marker/d' Makefile         | make -f - am--depfiles
config.status:1778: $? = 0
config.status:1773: cd test       && sed -e '/# am--include-marker/d' Makefile         | make -f - am--depfiles
config.status:1778: $? = 0
config.status:1773: cd contrib/sIPOPT/src       && sed -e '/# am--include-marker/d' Makefile         | make -f - am--depfiles
config.status:1778: $? = 0
config.status:1773: cd contrib/sIPOPT/AmplSolver       && sed -e '/# am--include-marker/d' Makefile         | make -f - am--depfiles
config.status:1778: $? = 0
config.status:1696: executing libtool commands
configure:30267: Configuration of Ipopt successful

## ---------------- ##
## Cache variables. ##
## ---------------- ##

ac_cv_build=aarch64-apple-darwin21.2.0
ac_cv_c_compiler_gnu=yes
ac_cv_cxx_compiler_gnu=yes
ac_cv_cxx_undeclared_builtin_options='none needed'
ac_cv_env_ADD_CFLAGS_set=
ac_cv_env_ADD_CFLAGS_value=
ac_cv_env_ADD_CXXFLAGS_set=
ac_cv_env_ADD_CXXFLAGS_value=
ac_cv_env_ADD_FFLAGS_set=
ac_cv_env_ADD_FFLAGS_value=
ac_cv_env_CCC_set=
ac_cv_env_CCC_value=
ac_cv_env_CC_set=
ac_cv_env_CC_value=
ac_cv_env_CFLAGS_set=
ac_cv_env_CFLAGS_value=
ac_cv_env_CPPFLAGS_set=
ac_cv_env_CPPFLAGS_value=
ac_cv_env_CXXCPP_set=
ac_cv_env_CXXCPP_value=
ac_cv_env_CXXFLAGS_set=
ac_cv_env_CXXFLAGS_value=
ac_cv_env_CXXLIBS_set=
ac_cv_env_CXXLIBS_value=
ac_cv_env_CXX_set=
ac_cv_env_CXX_value=
ac_cv_env_F77_set=
ac_cv_env_F77_value=
ac_cv_env_FFLAGS_set=
ac_cv_env_FFLAGS_value=
ac_cv_env_LDFLAGS_set=
ac_cv_env_LDFLAGS_value=
ac_cv_env_LIBS_set=
ac_cv_env_LIBS_value=
ac_cv_env_LT_LDFLAGS_set=
ac_cv_env_LT_LDFLAGS_value=
ac_cv_env_LT_SYS_LIBRARY_PATH_set=
ac_cv_env_LT_SYS_LIBRARY_PATH_value=
ac_cv_env_PKG_CONFIG_set=
ac_cv_env_PKG_CONFIG_value=
ac_cv_env_build_alias_set=
ac_cv_env_build_alias_value=
ac_cv_env_host_alias_set=
ac_cv_env_host_alias_value=
ac_cv_env_target_alias_set=
ac_cv_env_target_alias_value=
ac_cv_f77_compiler_gnu=yes
ac_cv_f77_dummy_main=none
ac_cv_f77_libs=' -L/opt/homebrew/Cellar/gcc/11.2.0_3/bin/../lib/gcc/11/gcc/aarch64-apple-darwin21/11 -L/opt/homebrew/Cellar/gcc/11.2.0_3/bin/../lib/gcc/11/gcc -L/opt/homebrew/Cellar/gcc/11.2.0_3/bin/../lib/gcc/11/gcc/aarch64-apple-darwin21/11/../../.. -lgfortran -lm'
ac_cv_f77_mangling='lower case, underscore, no extra underscore'
ac_cv_fortran_dummy_main=none
ac_cv_func_MPI_Initialized=no
ac_cv_func_vsnprintf=yes
ac_cv_have_decl_drand48=yes
ac_cv_have_decl_feenableexcept=no
ac_cv_have_decl_rand=yes
ac_cv_have_decl_va_copy=yes
ac_cv_header_cfloat=yes
ac_cv_header_cieeefp=no
ac_cv_header_cmath=yes
ac_cv_header_dlfcn_h=yes
ac_cv_header_ieeefp_h=no
ac_cv_header_inttypes_h=yes
ac_cv_header_stdint_h=yes
ac_cv_header_stdio_h=yes
ac_cv_header_stdlib_h=yes
ac_cv_header_string_h=yes
ac_cv_header_strings_h=yes
ac_cv_header_sys_stat_h=yes
ac_cv_header_sys_types_h=yes
ac_cv_header_unistd_h=yes
ac_cv_header_windows_h=no
ac_cv_host=aarch64-apple-darwin21.2.0
ac_cv_lib_dl_dlopen=yes
ac_cv_objext=o
ac_cv_path_EGREP='/usr/bin/grep -E'
ac_cv_path_FGREP='/usr/bin/grep -F'
ac_cv_path_GREP=/usr/bin/grep
ac_cv_path_SED=/usr/bin/sed
ac_cv_path_install='/usr/bin/install -c'
ac_cv_path_lt_DD=/bin/dd
ac_cv_prog_AWK=awk
ac_cv_prog_CXXCPP='g++ -E'
ac_cv_prog_ac_ct_AR=ar
ac_cv_prog_ac_ct_CC=gcc
ac_cv_prog_ac_ct_CXX=g++
ac_cv_prog_ac_ct_DSYMUTIL=dsymutil
ac_cv_prog_ac_ct_F77=gfortran
ac_cv_prog_ac_ct_LIPO=lipo
ac_cv_prog_ac_ct_NMEDIT=nmedit
ac_cv_prog_ac_ct_OBJDUMP=objdump
ac_cv_prog_ac_ct_OTOOL=otool
ac_cv_prog_ac_ct_PKG_CONFIG=pkg-config
ac_cv_prog_ac_ct_RANLIB=ranlib
ac_cv_prog_ac_ct_STRIP=strip
ac_cv_prog_cc_c11=
ac_cv_prog_cc_g=yes
ac_cv_prog_cc_stdc=
ac_cv_prog_coin_doxy_usedot=YES
ac_cv_prog_coin_have_doxygen=no
ac_cv_prog_coin_have_latex=no
ac_cv_prog_cxx_11=no
ac_cv_prog_cxx_c_o=yes
ac_cv_prog_cxx_g=yes
ac_cv_prog_cxx_stdcxx=
ac_cv_prog_f77_c_o=yes
ac_cv_prog_f77_g=yes
ac_cv_prog_f77_v=-v
ac_cv_prog_make_make_set=yes
ac_cv_search_cos='none required'
ac_cv_sizeof_int_p=8
am_cv_CC_dependencies_compiler_type=gcc3
am_cv_CXX_dependencies_compiler_type=gcc3
am_cv_ar_interface=ar
am_cv_make_support_nested_variables=yes
am_cv_prog_cc_c_o=yes
lt_cv_apple_cc_single_mod=yes
lt_cv_ar_at_file=no
lt_cv_deplibs_check_method=pass_all
lt_cv_file_magic_cmd='$MAGIC_CMD'
lt_cv_file_magic_test_file=
lt_cv_ld_exported_symbols_list=yes
lt_cv_ld_force_load=yes
lt_cv_ld_reload_flag=-r
lt_cv_nm_interface='BSD nm'
lt_cv_objdir=.libs
lt_cv_path_LD=/Applications/Xcode-beta.app/Contents/Developer/Toolchains/XcodeDefault.xctoolchain/usr/bin/ld
lt_cv_path_LDCXX=/Applications/Xcode-beta.app/Contents/Developer/Toolchains/XcodeDefault.xctoolchain/usr/bin/ld
lt_cv_path_NM='/usr/bin/nm -B'
lt_cv_path_mainfest_tool=no
lt_cv_prog_compiler_c_o=yes
lt_cv_prog_compiler_c_o_CXX=yes
lt_cv_prog_compiler_c_o_F77=yes
lt_cv_prog_compiler_pic='-fno-common -DPIC'
lt_cv_prog_compiler_pic_CXX='-fno-common -DPIC'
lt_cv_prog_compiler_pic_F77=-fno-common
lt_cv_prog_compiler_pic_works=yes
lt_cv_prog_compiler_pic_works_CXX=yes
lt_cv_prog_compiler_pic_works_F77=yes
lt_cv_prog_compiler_rtti_exceptions=yes
lt_cv_prog_compiler_static_works=no
lt_cv_prog_compiler_static_works_CXX=no
lt_cv_prog_compiler_static_works_F77=no
lt_cv_prog_gnu_ld=no
lt_cv_prog_gnu_ldcxx=no
lt_cv_sharedlib_from_linklib_cmd='printf %s\n'
lt_cv_sys_global_symbol_pipe='sed -n -e '\''s/^.*[	 ]\([ABCDGIRSTW][ABCDGIRSTW]*\)[	 ][	 ]*_\([_A-Za-z][_A-Za-z0-9]*\)$/\1 _\2 \2/p'\'' | sed '\''/ __gnu_lto/d'\'''
lt_cv_sys_global_symbol_to_c_name_address='sed -n -e '\''s/^: \(.*\) .*$/  {"\1", (void *) 0},/p'\'' -e '\''s/^[ABCDGIRSTW][ABCDGIRSTW]* .* \(.*\)$/  {"\1", (void *) \&\1},/p'\'''
lt_cv_sys_global_symbol_to_c_name_address_lib_prefix='sed -n -e '\''s/^: \(.*\) .*$/  {"\1", (void *) 0},/p'\'' -e '\''s/^[ABCDGIRSTW][ABCDGIRSTW]* .* \(lib.*\)$/  {"\1", (void *) \&\1},/p'\'' -e '\''s/^[ABCDGIRSTW][ABCDGIRSTW]* .* \(.*\)$/  {"lib\1", (void *) \&\1},/p'\'''
lt_cv_sys_global_symbol_to_cdecl='sed -n -e '\''s/^T .* \(.*\)$/extern int \1();/p'\'' -e '\''s/^[ABCDGIRSTW][ABCDGIRSTW]* .* \(.*\)$/extern char \1;/p'\'''
lt_cv_sys_global_symbol_to_import=
lt_cv_sys_max_cmd_len=786432
lt_cv_to_host_file_cmd=func_convert_file_noop
lt_cv_to_tool_file_cmd=func_convert_file_noop
lt_cv_truncate_bin='/bin/dd bs=4096 count=1'

## ----------------- ##
## Output variables. ##
## ----------------- ##

ACLOCAL='${SHELL} '\''/Users/jintian/dev/codes/ai/toolchains/mimicry/vendor/towr/Ipopt/missing'\'' aclocal-1.16'
ADD_CFLAGS=''
ADD_CXXFLAGS=''
ADD_FFLAGS=''
AMDEPBACKSLASH='\'
AMDEP_FALSE='#'
AMDEP_TRUE=''
AMTAR='$${TAR-tar}'
AM_BACKSLASH='\'
AM_DEFAULT_V='$(AM_DEFAULT_VERBOSITY)'
AM_DEFAULT_VERBOSITY='0'
AM_V='$(V)'
AR='ar'
AS='as'
AUTOCONF='${SHELL} '\''/Users/jintian/dev/codes/ai/toolchains/mimicry/vendor/towr/Ipopt/missing'\'' autoconf'
AUTOHEADER='${SHELL} '\''/Users/jintian/dev/codes/ai/toolchains/mimicry/vendor/towr/Ipopt/missing'\'' autoheader'
AUTOMAKE='${SHELL} '\''/Users/jintian/dev/codes/ai/toolchains/mimicry/vendor/towr/Ipopt/missing'\'' automake-1.16'
AWK='awk'
BIT32FCOMMENT='C'
BIT64FCOMMENT=''
BITS_PER_POINTER='64'
BUILD_INEXACT_FALSE=''
BUILD_INEXACT_TRUE='#'
BUILD_JAVA_FALSE=''
BUILD_JAVA_TRUE='#'
BUILD_SIPOPT_FALSE='#'
BUILD_SIPOPT_TRUE=''
CC='gcc'
CCDEPMODE='depmode=gcc3'
CFLAGS='-O2 -DNDEBUG '
COIN_HAS_ASL_FALSE=''
COIN_HAS_ASL_TRUE='#'
COIN_HAS_DOXYGEN_FALSE=''
COIN_HAS_DOXYGEN_TRUE='#'
COIN_HAS_F77_FALSE='#'
COIN_HAS_F77_TRUE=''
COIN_HAS_HSL_FALSE=''
COIN_HAS_HSL_TRUE='#'
COIN_HAS_LAPACK_FALSE='#'
COIN_HAS_LAPACK_TRUE=''
COIN_HAS_LATEX_FALSE=''
COIN_HAS_LATEX_TRUE='#'
COIN_HAS_MUMPS_FALSE=''
COIN_HAS_MUMPS_TRUE='#'
COIN_HAS_PKGCONFIG_FALSE='#'
COIN_HAS_PKGCONFIG_TRUE=''
COIN_HAS_SPRAL_FALSE=''
COIN_HAS_SPRAL_TRUE='#'
COIN_PKG_CONFIG_PATH='/usr/local/lib/pkgconfig:'
COIN_RELOCATABLE_FALSE=''
COIN_RELOCATABLE_TRUE='#'
COIN_STATIC_BUILD_FALSE=''
COIN_STATIC_BUILD_TRUE='#'
CPPFLAGS=''
CXX='g++'
CXXCPP='g++ -E'
CXXDEPMODE='depmode=gcc3'
CXXFLAGS='-O2 -DNDEBUG '
CXXLIBS='-lc++'
CYGPATH_W='echo'
DEFS='-DHAVE_CONFIG_H'
DEPDIR='.deps'
DLLTOOL='false'
DSYMUTIL='dsymutil'
DUMPBIN=''
ECHO_C='\c'
ECHO_N=''
ECHO_T=''
EGREP='/usr/bin/grep -E'
EXEEXT=''
F77='gfortran'
FFLAGS='-O2 '
FGREP='/usr/bin/grep -F'
FLIBS=' -L/opt/homebrew/Cellar/gcc/11.2.0_3/bin/../lib/gcc/11/gcc/aarch64-apple-darwin21/11 -L/opt/homebrew/Cellar/gcc/11.2.0_3/bin/../lib/gcc/11/gcc -L/opt/homebrew/Cellar/gcc/11.2.0_3/bin/../lib/gcc/11/gcc/aarch64-apple-darwin21/11/../../.. -lgfortran -lm'
GREP='/usr/bin/grep'
HAVE_MA28_FALSE=''
HAVE_MA28_TRUE='#'
HAVE_PARDISO_MKL_FALSE=''
HAVE_PARDISO_MKL_TRUE='#'
HAVE_WSMP_FALSE=''
HAVE_WSMP_TRUE='#'
HSLLIB_CFLAGS=''
HSLLIB_CFLAGS_NOPC=''
HSLLIB_LFLAGS=''
HSLLIB_LFLAGS_NOPC=''
HSLLIB_PCFILES=''
INSTALL_DATA='${INSTALL} -m 644'
INSTALL_PROGRAM='${INSTALL}'
INSTALL_SCRIPT='${INSTALL}'
INSTALL_STRIP_PROGRAM='$(install_sh) -c -s'
IPOPTAMPLINTERFACELIB_CFLAGS=' -DIPOPTAMPLINTERFACELIB_BUILD'
IPOPTAMPLINTERFACELIB_CFLAGS_NOPC=''
IPOPTAMPLINTERFACELIB_LFLAGS=''
IPOPTAMPLINTERFACELIB_LFLAGS_NOPC=''
IPOPTAMPLINTERFACELIB_PCFILES=''
IPOPTLIB_CFLAGS=' -DIPOPTLIB_BUILD'
IPOPTLIB_CFLAGS_NOPC=''
IPOPTLIB_LFLAGS='-framework Accelerate  -ldl'
IPOPTLIB_LFLAGS_NOPC='-framework Accelerate  -ldl'
IPOPTLIB_PCFILES=''
IPOPT_INT64_FALSE=''
IPOPT_INT64_TRUE='#'
IPOPT_SINGLE_FALSE=''
IPOPT_SINGLE_TRUE='#'
JAR=''
JAVA=''
JAVAC=''
JAVADOC=''
LD='/Applications/Xcode-beta.app/Contents/Developer/Toolchains/XcodeDefault.xctoolchain/usr/bin/ld'
LDFLAGS=''
LIBOBJS=''
LIBS=''
LIBTOOL='$(SHELL) $(top_builddir)/libtool'
LIPO='lipo'
LN_S='ln -s'
LTLIBOBJS=''
LT_LDFLAGS=' -version-number 3:14:5 -no-undefined'
LT_SYS_LIBRARY_PATH=''
MAINT='#'
MAINTAINER_MODE_FALSE=''
MAINTAINER_MODE_TRUE='#'
MAKEINFO='${SHELL} '\''/Users/jintian/dev/codes/ai/toolchains/mimicry/vendor/towr/Ipopt/missing'\'' makeinfo'
MANIFEST_TOOL=':'
MKDIR_P='./install-sh -c -d'
NM='/usr/bin/nm -B'
NMEDIT='nmedit'
OBJDUMP='objdump'
OBJEXT='o'
OTOOL64=':'
OTOOL='otool'
PACKAGE='ipopt'
PACKAGE_BUGREPORT='https://github.com/coin-or/Ipopt/issues/new'
PACKAGE_NAME='Ipopt'
PACKAGE_STRING='Ipopt 3.14.5'
PACKAGE_TARNAME='ipopt'
PACKAGE_URL='https://github.com/coin-or/Ipopt'
PACKAGE_VERSION='3.14.5'
PATH_SEPARATOR=':'
PKG_CONFIG='pkg-config'
RANLIB='ranlib'
RPATH_FLAGS=''
SED='/usr/bin/sed'
SET_MAKE=''
SHELL='/bin/sh'
SIPOPTAMPLINTERFACELIB_CFLAGS=' -DSIPOPTAMPLINTERFACELIB_BUILD'
SIPOPTAMPLINTERFACELIB_CFLAGS_NOPC=''
SIPOPTAMPLINTERFACELIB_LFLAGS=''
SIPOPTAMPLINTERFACELIB_LFLAGS_NOPC=''
SIPOPTAMPLINTERFACELIB_PCFILES=''
SIPOPTLIB_CFLAGS_NOPC=''
SIPOPTLIB_LFLAGS_NOPC=''
STRIP='strip'
VERSION='3.14.5'
_ACJNI_JAVAC=''
ac_ct_AR='ar'
ac_ct_CC='gcc'
ac_ct_CXX='g++'
ac_ct_DUMPBIN=''
ac_ct_F77='gfortran'
ac_ct_PKG_CONFIG='pkg-config'
am__EXEEXT_FALSE=''
am__EXEEXT_TRUE='#'
am__fastdepCC_FALSE='#'
am__fastdepCC_TRUE=''
am__fastdepCXX_FALSE='#'
am__fastdepCXX_TRUE=''
am__include='include'
am__isrc=''
am__leading_dot='.'
am__nodep='_no'
am__quote=''
am__tar='$${TAR-tar} chof - "$$tardir"'
am__untar='$${TAR-tar} xf -'
bindir='${exec_prefix}/bin'
build='aarch64-apple-darwin21.2.0'
build_alias=''
build_cpu='aarch64'
build_os='darwin21.2.0'
build_vendor='apple'
coin_doxy_logname='ipopt_doxy.log'
coin_doxy_tagfiles=''
coin_doxy_tagname='ipopt_doxy.tag'
coin_doxy_usedot='YES'
coin_have_doxygen='no'
coin_have_latex='no'
datadir='${datarootdir}'
datarootdir='${prefix}/share'
docdir='${datarootdir}/doc/${PACKAGE_TARNAME}'
dvidir='${docdir}'
exec_prefix='${prefix}'
host='aarch64-apple-darwin21.2.0'
host_alias=''
host_cpu='aarch64'
host_os='darwin21.2.0'
host_vendor='apple'
htmldir='${docdir}'
includedir='${prefix}/include'
infodir='${datarootdir}/info'
install_sh='${SHELL} /Users/jintian/dev/codes/ai/toolchains/mimicry/vendor/towr/Ipopt/install-sh'
libdir='${exec_prefix}/lib'
libexecdir='${exec_prefix}/libexec'
localedir='${datarootdir}/locale'
localstatedir='${prefix}/var'
mandir='${datarootdir}/man'
mkdir_p='$(MKDIR_P)'
oldincludedir='/usr/include'
pdfdir='${docdir}'
prefix='/usr/local'
program_transform_name='s,x,x,'
psdir='${docdir}'
runstatedir='${localstatedir}/run'
sbindir='${exec_prefix}/sbin'
sharedstatedir='${prefix}/com'
sysconfdir='${prefix}/etc'
target_alias=''

## ----------- ##
## confdefs.h. ##
## ----------- ##

/* confdefs.h */
#define PACKAGE_NAME "Ipopt"
#define PACKAGE_TARNAME "ipopt"
#define PACKAGE_VERSION "3.14.5"
#define PACKAGE_STRING "Ipopt 3.14.5"
#define PACKAGE_BUGREPORT "https://github.com/coin-or/Ipopt/issues/new"
#define PACKAGE_URL "https://github.com/coin-or/Ipopt"
#define IPOPT_VERSION "3.14.5"
#define IPOPT_VERSION_MAJOR 3
#define IPOPT_VERSION_MINOR 14
#define IPOPT_VERSION_RELEASE 5
#define F77_FUNC(name,NAME) name ## _
#define F77_FUNC_(name,NAME) name ## _
#define HAVE_STDIO_H 1
#define HAVE_STDLIB_H 1
#define HAVE_STRING_H 1
#define HAVE_INTTYPES_H 1
#define HAVE_STDINT_H 1
#define HAVE_STRINGS_H 1
#define HAVE_SYS_STAT_H 1
#define HAVE_SYS_TYPES_H 1
#define HAVE_UNISTD_H 1
#define STDC_HEADERS 1
#define HAVE_DLFCN_H 1
#define LT_OBJDIR ".libs/"
#define IPOPT_VERBOSITY 0
#define IPOPT_CHECKLEVEL 0
#define IPOPT_HAS_LAPACK 1
#define IPOPT_LAPACK_FUNC(name,NAME) name ## _
#define IPOPT_LAPACK_FUNC_(name,NAME) name ## _
#define IPOPT_MPIINIT 1
#define SIZEOF_INT_P 8
#define HAVE_CMATH 1
#define HAVE_CFLOAT 1
#define IPOPT_C_FINITE std::isfinite
#define IPOPT_HAS_VA_COPY 1
#define HAVE_VSNPRINTF 1
#define IPOPT_HAS_DRAND48 1
#define IPOPT_HAS_RAND 1
#define IPOPT_HAS_STD__RAND 1
#define IPOPT_HAS_LINEARSOLVERLOADER 1
#define IPOPTLIB_EXPORT 
#define IPOPTAMPLINTERFACELIB_EXPORT 
#define SIPOPTLIB_EXPORT 
#define SIPOPTAMPLINTERFACELIB_EXPORT 

configure: exit 0
